INFO:root:
Selector: High Level Ordering of Strategies
| Sequence: Spread Strategy
| | Check: spread_check
| | Action: spread_to_weakest_planet
| Sequence: Defensive Strategy
| | Check: planets_under_threat
| | Action: reinforce_planet
| Sequence: Offensive Strategy For Natural Planet
| | Check: is_neutral_planet_under_threat
| | Action: offence_nature_planet_when_under_threat
| Sequence: Fleet Reinforcements Offensive
| | Check: is_fleet_reinforcement_needed
| | Action: fleet_reinforcements_offensive_action
| Sequence: attack newly acquired planets
| | Check: spread_check
| | Action: attack_weak_defended_planets
| Sequence: Offensive Strategy
| | Check: have_largest_fleet
| | Action: attack_weak_defended_planets
| Action: attack_weak_defended_planets

DEBUG:root:Executing:Selector: High Level Ordering of Strategies
DEBUG:root:Executing:Sequence: Spread Strategy
DEBUG:root:Executing:Check: spread_check
DEBUG:root:Result: Check: spread_check -> Success
DEBUG:root:Executing:Action: spread_to_weakest_planet
DEBUG:root:Order:1 17 9.0
DEBUG:root:Result: Action: spread_to_weakest_planet -> Success
DEBUG:root:Result: Sequence: Spread Strategy -> Success
DEBUG:root:Result: Selector: High Level Ordering of Strategies -> Success
DEBUG:root:Finish turn

DEBUG:root:Executing:Selector: High Level Ordering of Strategies
DEBUG:root:Executing:Sequence: Spread Strategy
DEBUG:root:Executing:Check: spread_check
DEBUG:root:Result: Check: spread_check -> Success
DEBUG:root:Executing:Action: spread_to_weakest_planet
DEBUG:root:Order:1 18 9.0
DEBUG:root:Result: Action: spread_to_weakest_planet -> Success
DEBUG:root:Result: Sequence: Spread Strategy -> Success
DEBUG:root:Result: Selector: High Level Ordering of Strategies -> Success
DEBUG:root:Finish turn

DEBUG:root:Executing:Selector: High Level Ordering of Strategies
DEBUG:root:Executing:Sequence: Spread Strategy
DEBUG:root:Executing:Check: spread_check
DEBUG:root:Result: Check: spread_check -> Success
DEBUG:root:Executing:Action: spread_to_weakest_planet
DEBUG:root:Order:1 11 17.0
DEBUG:root:Result: Action: spread_to_weakest_planet -> Success
DEBUG:root:Result: Sequence: Spread Strategy -> Success
DEBUG:root:Result: Selector: High Level Ordering of Strategies -> Success
DEBUG:root:Finish turn

DEBUG:root:Executing:Selector: High Level Ordering of Strategies
DEBUG:root:Executing:Sequence: Spread Strategy
DEBUG:root:Executing:Check: spread_check
DEBUG:root:Result: Check: spread_check -> Success
DEBUG:root:Executing:Action: spread_to_weakest_planet
DEBUG:root:Order:1 12 17.0
DEBUG:root:Result: Action: spread_to_weakest_planet -> Success
DEBUG:root:Result: Sequence: Spread Strategy -> Success
DEBUG:root:Result: Selector: High Level Ordering of Strategies -> Success
DEBUG:root:Finish turn

DEBUG:root:Executing:Selector: High Level Ordering of Strategies
DEBUG:root:Executing:Sequence: Spread Strategy
DEBUG:root:Executing:Check: spread_check
DEBUG:root:Result: Check: spread_check -> Success
DEBUG:root:Executing:Action: spread_to_weakest_planet
DEBUG:root:Order:1 2 17.0
DEBUG:root:Result: Action: spread_to_weakest_planet -> Success
DEBUG:root:Result: Sequence: Spread Strategy -> Success
DEBUG:root:Result: Selector: High Level Ordering of Strategies -> Success
DEBUG:root:Finish turn

DEBUG:root:Executing:Selector: High Level Ordering of Strategies
DEBUG:root:Executing:Sequence: Spread Strategy
DEBUG:root:Executing:Check: spread_check
DEBUG:root:Result: Check: spread_check -> Success
DEBUG:root:Executing:Action: spread_to_weakest_planet
DEBUG:root:Result: Action: spread_to_weakest_planet -> Failure
DEBUG:root:Result: Sequence: Spread Strategy -> Failure
DEBUG:root:Executing:Sequence: Defensive Strategy
DEBUG:root:Executing:Check: planets_under_threat
DEBUG:root:Result: Check: planets_under_threat -> Failure
DEBUG:root:Result: Sequence: Defensive Strategy -> Failure
DEBUG:root:Executing:Sequence: Offensive Strategy For Natural Planet
DEBUG:root:Executing:Check: is_neutral_planet_under_threat
DEBUG:root:Result: Check: is_neutral_planet_under_threat -> Success
DEBUG:root:Executing:Action: offence_nature_planet_when_under_threat
DEBUG:root:Order:1 9 6.0
DEBUG:root:Result: Action: offence_nature_planet_when_under_threat -> Success
DEBUG:root:Result: Sequence: Offensive Strategy For Natural Planet -> Success
DEBUG:root:Result: Selector: High Level Ordering of Strategies -> Success
DEBUG:root:Finish turn

DEBUG:root:Executing:Selector: High Level Ordering of Strategies
DEBUG:root:Executing:Sequence: Spread Strategy
DEBUG:root:Executing:Check: spread_check
DEBUG:root:Result: Check: spread_check -> Success
DEBUG:root:Executing:Action: spread_to_weakest_planet
DEBUG:root:Result: Action: spread_to_weakest_planet -> Failure
DEBUG:root:Result: Sequence: Spread Strategy -> Failure
DEBUG:root:Executing:Sequence: Defensive Strategy
DEBUG:root:Executing:Check: planets_under_threat
DEBUG:root:Result: Check: planets_under_threat -> Failure
DEBUG:root:Result: Sequence: Defensive Strategy -> Failure
DEBUG:root:Executing:Sequence: Offensive Strategy For Natural Planet
DEBUG:root:Executing:Check: is_neutral_planet_under_threat
DEBUG:root:Result: Check: is_neutral_planet_under_threat -> Failure
DEBUG:root:Result: Sequence: Offensive Strategy For Natural Planet -> Failure
DEBUG:root:Executing:Sequence: Fleet Reinforcements Offensive
DEBUG:root:Executing:Check: is_fleet_reinforcement_needed
DEBUG:root:Result: Check: is_fleet_reinforcement_needed -> Failure
DEBUG:root:Result: Sequence: Fleet Reinforcements Offensive -> Failure
DEBUG:root:Executing:Sequence: attack newly acquired planets
DEBUG:root:Executing:Check: spread_check
DEBUG:root:Result: Check: spread_check -> Success
DEBUG:root:Executing:Action: attack_weak_defended_planets
DEBUG:root:Result: Action: attack_weak_defended_planets -> Failure
DEBUG:root:Result: Sequence: attack newly acquired planets -> Failure
DEBUG:root:Executing:Sequence: Offensive Strategy
DEBUG:root:Executing:Check: have_largest_fleet
DEBUG:root:Result: Check: have_largest_fleet -> Failure
DEBUG:root:Result: Sequence: Offensive Strategy -> Failure
DEBUG:root:Executing:Action: attack_weak_defended_planets
DEBUG:root:Result: Action: attack_weak_defended_planets -> Failure
DEBUG:root:Result: Selector: High Level Ordering of Strategies -> Failure
DEBUG:root:Finish turn

DEBUG:root:Executing:Selector: High Level Ordering of Strategies
DEBUG:root:Executing:Sequence: Spread Strategy
DEBUG:root:Executing:Check: spread_check
DEBUG:root:Result: Check: spread_check -> Success
DEBUG:root:Executing:Action: spread_to_weakest_planet
DEBUG:root:Result: Action: spread_to_weakest_planet -> Failure
DEBUG:root:Result: Sequence: Spread Strategy -> Failure
DEBUG:root:Executing:Sequence: Defensive Strategy
DEBUG:root:Executing:Check: planets_under_threat
DEBUG:root:Result: Check: planets_under_threat -> Failure
DEBUG:root:Result: Sequence: Defensive Strategy -> Failure
DEBUG:root:Executing:Sequence: Offensive Strategy For Natural Planet
DEBUG:root:Executing:Check: is_neutral_planet_under_threat
DEBUG:root:Result: Check: is_neutral_planet_under_threat -> Success
DEBUG:root:Executing:Action: offence_nature_planet_when_under_threat
DEBUG:root:Result: Action: offence_nature_planet_when_under_threat -> Failure
DEBUG:root:Result: Sequence: Offensive Strategy For Natural Planet -> Failure
DEBUG:root:Executing:Sequence: Fleet Reinforcements Offensive
DEBUG:root:Executing:Check: is_fleet_reinforcement_needed
DEBUG:root:Result: Check: is_fleet_reinforcement_needed -> Failure
DEBUG:root:Result: Sequence: Fleet Reinforcements Offensive -> Failure
DEBUG:root:Executing:Sequence: attack newly acquired planets
DEBUG:root:Executing:Check: spread_check
DEBUG:root:Result: Check: spread_check -> Success
DEBUG:root:Executing:Action: attack_weak_defended_planets
DEBUG:root:Result: Action: attack_weak_defended_planets -> Failure
DEBUG:root:Result: Sequence: attack newly acquired planets -> Failure
DEBUG:root:Executing:Sequence: Offensive Strategy
DEBUG:root:Executing:Check: have_largest_fleet
DEBUG:root:Result: Check: have_largest_fleet -> Failure
DEBUG:root:Result: Sequence: Offensive Strategy -> Failure
DEBUG:root:Executing:Action: attack_weak_defended_planets
DEBUG:root:Result: Action: attack_weak_defended_planets -> Failure
DEBUG:root:Result: Selector: High Level Ordering of Strategies -> Failure
DEBUG:root:Finish turn

DEBUG:root:Executing:Selector: High Level Ordering of Strategies
DEBUG:root:Executing:Sequence: Spread Strategy
DEBUG:root:Executing:Check: spread_check
DEBUG:root:Result: Check: spread_check -> Success
DEBUG:root:Executing:Action: spread_to_weakest_planet
DEBUG:root:Result: Action: spread_to_weakest_planet -> Failure
DEBUG:root:Result: Sequence: Spread Strategy -> Failure
DEBUG:root:Executing:Sequence: Defensive Strategy
DEBUG:root:Executing:Check: planets_under_threat
DEBUG:root:Result: Check: planets_under_threat -> Failure
DEBUG:root:Result: Sequence: Defensive Strategy -> Failure
DEBUG:root:Executing:Sequence: Offensive Strategy For Natural Planet
DEBUG:root:Executing:Check: is_neutral_planet_under_threat
DEBUG:root:Result: Check: is_neutral_planet_under_threat -> Success
DEBUG:root:Executing:Action: offence_nature_planet_when_under_threat
DEBUG:root:Result: Action: offence_nature_planet_when_under_threat -> Failure
DEBUG:root:Result: Sequence: Offensive Strategy For Natural Planet -> Failure
DEBUG:root:Executing:Sequence: Fleet Reinforcements Offensive
DEBUG:root:Executing:Check: is_fleet_reinforcement_needed
DEBUG:root:Result: Check: is_fleet_reinforcement_needed -> Failure
DEBUG:root:Result: Sequence: Fleet Reinforcements Offensive -> Failure
DEBUG:root:Executing:Sequence: attack newly acquired planets
DEBUG:root:Executing:Check: spread_check
DEBUG:root:Result: Check: spread_check -> Success
DEBUG:root:Executing:Action: attack_weak_defended_planets
DEBUG:root:Order:1 2 59.0
DEBUG:root:Result: Action: attack_weak_defended_planets -> Success
DEBUG:root:Result: Sequence: attack newly acquired planets -> Success
DEBUG:root:Result: Selector: High Level Ordering of Strategies -> Success
DEBUG:root:Finish turn

DEBUG:root:Executing:Selector: High Level Ordering of Strategies
DEBUG:root:Executing:Sequence: Spread Strategy
DEBUG:root:Executing:Check: spread_check
DEBUG:root:Result: Check: spread_check -> Success
DEBUG:root:Executing:Action: spread_to_weakest_planet
DEBUG:root:Result: Action: spread_to_weakest_planet -> Failure
DEBUG:root:Result: Sequence: Spread Strategy -> Failure
DEBUG:root:Executing:Sequence: Defensive Strategy
DEBUG:root:Executing:Check: planets_under_threat
DEBUG:root:Result: Check: planets_under_threat -> Failure
DEBUG:root:Result: Sequence: Defensive Strategy -> Failure
DEBUG:root:Executing:Sequence: Offensive Strategy For Natural Planet
DEBUG:root:Executing:Check: is_neutral_planet_under_threat
DEBUG:root:Result: Check: is_neutral_planet_under_threat -> Failure
DEBUG:root:Result: Sequence: Offensive Strategy For Natural Planet -> Failure
DEBUG:root:Executing:Sequence: Fleet Reinforcements Offensive
DEBUG:root:Executing:Check: is_fleet_reinforcement_needed
DEBUG:root:Result: Check: is_fleet_reinforcement_needed -> Failure
DEBUG:root:Result: Sequence: Fleet Reinforcements Offensive -> Failure
DEBUG:root:Executing:Sequence: attack newly acquired planets
DEBUG:root:Executing:Check: spread_check
DEBUG:root:Result: Check: spread_check -> Success
DEBUG:root:Executing:Action: attack_weak_defended_planets
DEBUG:root:Result: Action: attack_weak_defended_planets -> Failure
DEBUG:root:Result: Sequence: attack newly acquired planets -> Failure
DEBUG:root:Executing:Sequence: Offensive Strategy
DEBUG:root:Executing:Check: have_largest_fleet
DEBUG:root:Result: Check: have_largest_fleet -> Failure
DEBUG:root:Result: Sequence: Offensive Strategy -> Failure
DEBUG:root:Executing:Action: attack_weak_defended_planets
DEBUG:root:Result: Action: attack_weak_defended_planets -> Failure
DEBUG:root:Result: Selector: High Level Ordering of Strategies -> Failure
DEBUG:root:Finish turn

DEBUG:root:Executing:Selector: High Level Ordering of Strategies
DEBUG:root:Executing:Sequence: Spread Strategy
DEBUG:root:Executing:Check: spread_check
DEBUG:root:Result: Check: spread_check -> Success
DEBUG:root:Executing:Action: spread_to_weakest_planet
DEBUG:root:Result: Action: spread_to_weakest_planet -> Failure
DEBUG:root:Result: Sequence: Spread Strategy -> Failure
DEBUG:root:Executing:Sequence: Defensive Strategy
DEBUG:root:Executing:Check: planets_under_threat
DEBUG:root:Result: Check: planets_under_threat -> Failure
DEBUG:root:Result: Sequence: Defensive Strategy -> Failure
DEBUG:root:Executing:Sequence: Offensive Strategy For Natural Planet
DEBUG:root:Executing:Check: is_neutral_planet_under_threat
DEBUG:root:Result: Check: is_neutral_planet_under_threat -> Failure
DEBUG:root:Result: Sequence: Offensive Strategy For Natural Planet -> Failure
DEBUG:root:Executing:Sequence: Fleet Reinforcements Offensive
DEBUG:root:Executing:Check: is_fleet_reinforcement_needed
DEBUG:root:Result: Check: is_fleet_reinforcement_needed -> Failure
DEBUG:root:Result: Sequence: Fleet Reinforcements Offensive -> Failure
DEBUG:root:Executing:Sequence: attack newly acquired planets
DEBUG:root:Executing:Check: spread_check
DEBUG:root:Result: Check: spread_check -> Success
DEBUG:root:Executing:Action: attack_weak_defended_planets
DEBUG:root:Result: Action: attack_weak_defended_planets -> Failure
DEBUG:root:Result: Sequence: attack newly acquired planets -> Failure
DEBUG:root:Executing:Sequence: Offensive Strategy
DEBUG:root:Executing:Check: have_largest_fleet
DEBUG:root:Result: Check: have_largest_fleet -> Failure
DEBUG:root:Result: Sequence: Offensive Strategy -> Failure
DEBUG:root:Executing:Action: attack_weak_defended_planets
DEBUG:root:Result: Action: attack_weak_defended_planets -> Failure
DEBUG:root:Result: Selector: High Level Ordering of Strategies -> Failure
DEBUG:root:Finish turn

DEBUG:root:Executing:Selector: High Level Ordering of Strategies
DEBUG:root:Executing:Sequence: Spread Strategy
DEBUG:root:Executing:Check: spread_check
DEBUG:root:Result: Check: spread_check -> Success
DEBUG:root:Executing:Action: spread_to_weakest_planet
DEBUG:root:Result: Action: spread_to_weakest_planet -> Failure
DEBUG:root:Result: Sequence: Spread Strategy -> Failure
DEBUG:root:Executing:Sequence: Defensive Strategy
DEBUG:root:Executing:Check: planets_under_threat
DEBUG:root:Result: Check: planets_under_threat -> Failure
DEBUG:root:Result: Sequence: Defensive Strategy -> Failure
DEBUG:root:Executing:Sequence: Offensive Strategy For Natural Planet
DEBUG:root:Executing:Check: is_neutral_planet_under_threat
DEBUG:root:Result: Check: is_neutral_planet_under_threat -> Failure
DEBUG:root:Result: Sequence: Offensive Strategy For Natural Planet -> Failure
DEBUG:root:Executing:Sequence: Fleet Reinforcements Offensive
DEBUG:root:Executing:Check: is_fleet_reinforcement_needed
DEBUG:root:Result: Check: is_fleet_reinforcement_needed -> Failure
DEBUG:root:Result: Sequence: Fleet Reinforcements Offensive -> Failure
DEBUG:root:Executing:Sequence: attack newly acquired planets
DEBUG:root:Executing:Check: spread_check
DEBUG:root:Result: Check: spread_check -> Success
DEBUG:root:Executing:Action: attack_weak_defended_planets
DEBUG:root:Result: Action: attack_weak_defended_planets -> Failure
DEBUG:root:Result: Sequence: attack newly acquired planets -> Failure
DEBUG:root:Executing:Sequence: Offensive Strategy
DEBUG:root:Executing:Check: have_largest_fleet
DEBUG:root:Result: Check: have_largest_fleet -> Failure
DEBUG:root:Result: Sequence: Offensive Strategy -> Failure
DEBUG:root:Executing:Action: attack_weak_defended_planets
DEBUG:root:Result: Action: attack_weak_defended_planets -> Failure
DEBUG:root:Result: Selector: High Level Ordering of Strategies -> Failure
DEBUG:root:Finish turn

DEBUG:root:Executing:Selector: High Level Ordering of Strategies
DEBUG:root:Executing:Sequence: Spread Strategy
DEBUG:root:Executing:Check: spread_check
DEBUG:root:Result: Check: spread_check -> Success
DEBUG:root:Executing:Action: spread_to_weakest_planet
DEBUG:root:Result: Action: spread_to_weakest_planet -> Failure
DEBUG:root:Result: Sequence: Spread Strategy -> Failure
DEBUG:root:Executing:Sequence: Defensive Strategy
DEBUG:root:Executing:Check: planets_under_threat
DEBUG:root:Result: Check: planets_under_threat -> Failure
DEBUG:root:Result: Sequence: Defensive Strategy -> Failure
DEBUG:root:Executing:Sequence: Offensive Strategy For Natural Planet
DEBUG:root:Executing:Check: is_neutral_planet_under_threat
DEBUG:root:Result: Check: is_neutral_planet_under_threat -> Failure
DEBUG:root:Result: Sequence: Offensive Strategy For Natural Planet -> Failure
DEBUG:root:Executing:Sequence: Fleet Reinforcements Offensive
DEBUG:root:Executing:Check: is_fleet_reinforcement_needed
DEBUG:root:Result: Check: is_fleet_reinforcement_needed -> Failure
DEBUG:root:Result: Sequence: Fleet Reinforcements Offensive -> Failure
DEBUG:root:Executing:Sequence: attack newly acquired planets
DEBUG:root:Executing:Check: spread_check
DEBUG:root:Result: Check: spread_check -> Success
DEBUG:root:Executing:Action: attack_weak_defended_planets
DEBUG:root:Order:1 9 22.0
DEBUG:root:Result: Action: attack_weak_defended_planets -> Success
DEBUG:root:Result: Sequence: attack newly acquired planets -> Success
DEBUG:root:Result: Selector: High Level Ordering of Strategies -> Success
DEBUG:root:Finish turn

DEBUG:root:Executing:Selector: High Level Ordering of Strategies
DEBUG:root:Executing:Sequence: Spread Strategy
DEBUG:root:Executing:Check: spread_check
DEBUG:root:Result: Check: spread_check -> Success
DEBUG:root:Executing:Action: spread_to_weakest_planet
DEBUG:root:Result: Action: spread_to_weakest_planet -> Failure
DEBUG:root:Result: Sequence: Spread Strategy -> Failure
DEBUG:root:Executing:Sequence: Defensive Strategy
DEBUG:root:Executing:Check: planets_under_threat
DEBUG:root:Result: Check: planets_under_threat -> Failure
DEBUG:root:Result: Sequence: Defensive Strategy -> Failure
DEBUG:root:Executing:Sequence: Offensive Strategy For Natural Planet
DEBUG:root:Executing:Check: is_neutral_planet_under_threat
DEBUG:root:Result: Check: is_neutral_planet_under_threat -> Failure
DEBUG:root:Result: Sequence: Offensive Strategy For Natural Planet -> Failure
DEBUG:root:Executing:Sequence: Fleet Reinforcements Offensive
DEBUG:root:Executing:Check: is_fleet_reinforcement_needed
DEBUG:root:Result: Check: is_fleet_reinforcement_needed -> Failure
DEBUG:root:Result: Sequence: Fleet Reinforcements Offensive -> Failure
DEBUG:root:Executing:Sequence: attack newly acquired planets
DEBUG:root:Executing:Check: spread_check
DEBUG:root:Result: Check: spread_check -> Success
DEBUG:root:Executing:Action: attack_weak_defended_planets
DEBUG:root:Result: Action: attack_weak_defended_planets -> Failure
DEBUG:root:Result: Sequence: attack newly acquired planets -> Failure
DEBUG:root:Executing:Sequence: Offensive Strategy
DEBUG:root:Executing:Check: have_largest_fleet
DEBUG:root:Result: Check: have_largest_fleet -> Failure
DEBUG:root:Result: Sequence: Offensive Strategy -> Failure
DEBUG:root:Executing:Action: attack_weak_defended_planets
DEBUG:root:Result: Action: attack_weak_defended_planets -> Failure
DEBUG:root:Result: Selector: High Level Ordering of Strategies -> Failure
DEBUG:root:Finish turn

DEBUG:root:Executing:Selector: High Level Ordering of Strategies
DEBUG:root:Executing:Sequence: Spread Strategy
DEBUG:root:Executing:Check: spread_check
DEBUG:root:Result: Check: spread_check -> Success
DEBUG:root:Executing:Action: spread_to_weakest_planet
DEBUG:root:Result: Action: spread_to_weakest_planet -> Failure
DEBUG:root:Result: Sequence: Spread Strategy -> Failure
DEBUG:root:Executing:Sequence: Defensive Strategy
DEBUG:root:Executing:Check: planets_under_threat
DEBUG:root:Result: Check: planets_under_threat -> Failure
DEBUG:root:Result: Sequence: Defensive Strategy -> Failure
DEBUG:root:Executing:Sequence: Offensive Strategy For Natural Planet
DEBUG:root:Executing:Check: is_neutral_planet_under_threat
DEBUG:root:Result: Check: is_neutral_planet_under_threat -> Failure
DEBUG:root:Result: Sequence: Offensive Strategy For Natural Planet -> Failure
DEBUG:root:Executing:Sequence: Fleet Reinforcements Offensive
DEBUG:root:Executing:Check: is_fleet_reinforcement_needed
DEBUG:root:Result: Check: is_fleet_reinforcement_needed -> Success
DEBUG:root:Executing:Action: fleet_reinforcements_offensive_action
DEBUG:root:Result: Action: fleet_reinforcements_offensive_action -> Failure
DEBUG:root:Result: Sequence: Fleet Reinforcements Offensive -> Failure
DEBUG:root:Executing:Sequence: attack newly acquired planets
DEBUG:root:Executing:Check: spread_check
DEBUG:root:Result: Check: spread_check -> Success
DEBUG:root:Executing:Action: attack_weak_defended_planets
DEBUG:root:Result: Action: attack_weak_defended_planets -> Failure
DEBUG:root:Result: Sequence: attack newly acquired planets -> Failure
DEBUG:root:Executing:Sequence: Offensive Strategy
DEBUG:root:Executing:Check: have_largest_fleet
DEBUG:root:Result: Check: have_largest_fleet -> Failure
DEBUG:root:Result: Sequence: Offensive Strategy -> Failure
DEBUG:root:Executing:Action: attack_weak_defended_planets
DEBUG:root:Result: Action: attack_weak_defended_planets -> Failure
DEBUG:root:Result: Selector: High Level Ordering of Strategies -> Failure
DEBUG:root:Finish turn

DEBUG:root:Executing:Selector: High Level Ordering of Strategies
DEBUG:root:Executing:Sequence: Spread Strategy
DEBUG:root:Executing:Check: spread_check
DEBUG:root:Result: Check: spread_check -> Success
DEBUG:root:Executing:Action: spread_to_weakest_planet
DEBUG:root:Result: Action: spread_to_weakest_planet -> Failure
DEBUG:root:Result: Sequence: Spread Strategy -> Failure
DEBUG:root:Executing:Sequence: Defensive Strategy
DEBUG:root:Executing:Check: planets_under_threat
DEBUG:root:Result: Check: planets_under_threat -> Success
DEBUG:root:Executing:Action: reinforce_planet
DEBUG:root:Result: Action: reinforce_planet -> Failure
DEBUG:root:Result: Sequence: Defensive Strategy -> Failure
DEBUG:root:Executing:Sequence: Offensive Strategy For Natural Planet
DEBUG:root:Executing:Check: is_neutral_planet_under_threat
DEBUG:root:Result: Check: is_neutral_planet_under_threat -> Failure
DEBUG:root:Result: Sequence: Offensive Strategy For Natural Planet -> Failure
DEBUG:root:Executing:Sequence: Fleet Reinforcements Offensive
DEBUG:root:Executing:Check: is_fleet_reinforcement_needed
DEBUG:root:Result: Check: is_fleet_reinforcement_needed -> Success
DEBUG:root:Executing:Action: fleet_reinforcements_offensive_action
DEBUG:root:Result: Action: fleet_reinforcements_offensive_action -> Failure
DEBUG:root:Result: Sequence: Fleet Reinforcements Offensive -> Failure
DEBUG:root:Executing:Sequence: attack newly acquired planets
DEBUG:root:Executing:Check: spread_check
DEBUG:root:Result: Check: spread_check -> Success
DEBUG:root:Executing:Action: attack_weak_defended_planets
DEBUG:root:Result: Action: attack_weak_defended_planets -> Failure
DEBUG:root:Result: Sequence: attack newly acquired planets -> Failure
DEBUG:root:Executing:Sequence: Offensive Strategy
DEBUG:root:Executing:Check: have_largest_fleet
DEBUG:root:Result: Check: have_largest_fleet -> Success
DEBUG:root:Executing:Action: attack_weak_defended_planets
DEBUG:root:Result: Action: attack_weak_defended_planets -> Failure
DEBUG:root:Result: Sequence: Offensive Strategy -> Failure
DEBUG:root:Executing:Action: attack_weak_defended_planets
DEBUG:root:Result: Action: attack_weak_defended_planets -> Failure
DEBUG:root:Result: Selector: High Level Ordering of Strategies -> Failure
DEBUG:root:Finish turn

DEBUG:root:Executing:Selector: High Level Ordering of Strategies
DEBUG:root:Executing:Sequence: Spread Strategy
DEBUG:root:Executing:Check: spread_check
DEBUG:root:Result: Check: spread_check -> Success
DEBUG:root:Executing:Action: spread_to_weakest_planet
DEBUG:root:Result: Action: spread_to_weakest_planet -> Failure
DEBUG:root:Result: Sequence: Spread Strategy -> Failure
DEBUG:root:Executing:Sequence: Defensive Strategy
DEBUG:root:Executing:Check: planets_under_threat
DEBUG:root:Result: Check: planets_under_threat -> Failure
DEBUG:root:Result: Sequence: Defensive Strategy -> Failure
DEBUG:root:Executing:Sequence: Offensive Strategy For Natural Planet
DEBUG:root:Executing:Check: is_neutral_planet_under_threat
DEBUG:root:Result: Check: is_neutral_planet_under_threat -> Failure
DEBUG:root:Result: Sequence: Offensive Strategy For Natural Planet -> Failure
DEBUG:root:Executing:Sequence: Fleet Reinforcements Offensive
DEBUG:root:Executing:Check: is_fleet_reinforcement_needed
DEBUG:root:Result: Check: is_fleet_reinforcement_needed -> Success
DEBUG:root:Executing:Action: fleet_reinforcements_offensive_action
DEBUG:root:Order:1 17 23.0
DEBUG:root:Result: Action: fleet_reinforcements_offensive_action -> Success
DEBUG:root:Result: Sequence: Fleet Reinforcements Offensive -> Success
DEBUG:root:Result: Selector: High Level Ordering of Strategies -> Success
DEBUG:root:Finish turn

DEBUG:root:Executing:Selector: High Level Ordering of Strategies
DEBUG:root:Executing:Sequence: Spread Strategy
DEBUG:root:Executing:Check: spread_check
DEBUG:root:Result: Check: spread_check -> Success
DEBUG:root:Executing:Action: spread_to_weakest_planet
DEBUG:root:Result: Action: spread_to_weakest_planet -> Failure
DEBUG:root:Result: Sequence: Spread Strategy -> Failure
DEBUG:root:Executing:Sequence: Defensive Strategy
DEBUG:root:Executing:Check: planets_under_threat
DEBUG:root:Result: Check: planets_under_threat -> Failure
DEBUG:root:Result: Sequence: Defensive Strategy -> Failure
DEBUG:root:Executing:Sequence: Offensive Strategy For Natural Planet
DEBUG:root:Executing:Check: is_neutral_planet_under_threat
DEBUG:root:Result: Check: is_neutral_planet_under_threat -> Failure
DEBUG:root:Result: Sequence: Offensive Strategy For Natural Planet -> Failure
DEBUG:root:Executing:Sequence: Fleet Reinforcements Offensive
DEBUG:root:Executing:Check: is_fleet_reinforcement_needed
DEBUG:root:Result: Check: is_fleet_reinforcement_needed -> Success
DEBUG:root:Executing:Action: fleet_reinforcements_offensive_action
DEBUG:root:Result: Action: fleet_reinforcements_offensive_action -> Failure
DEBUG:root:Result: Sequence: Fleet Reinforcements Offensive -> Failure
DEBUG:root:Executing:Sequence: attack newly acquired planets
DEBUG:root:Executing:Check: spread_check
DEBUG:root:Result: Check: spread_check -> Success
DEBUG:root:Executing:Action: attack_weak_defended_planets
DEBUG:root:Result: Action: attack_weak_defended_planets -> Failure
DEBUG:root:Result: Sequence: attack newly acquired planets -> Failure
DEBUG:root:Executing:Sequence: Offensive Strategy
DEBUG:root:Executing:Check: have_largest_fleet
DEBUG:root:Result: Check: have_largest_fleet -> Success
DEBUG:root:Executing:Action: attack_weak_defended_planets
DEBUG:root:Result: Action: attack_weak_defended_planets -> Failure
DEBUG:root:Result: Sequence: Offensive Strategy -> Failure
DEBUG:root:Executing:Action: attack_weak_defended_planets
DEBUG:root:Result: Action: attack_weak_defended_planets -> Failure
DEBUG:root:Result: Selector: High Level Ordering of Strategies -> Failure
DEBUG:root:Finish turn

DEBUG:root:Executing:Selector: High Level Ordering of Strategies
DEBUG:root:Executing:Sequence: Spread Strategy
DEBUG:root:Executing:Check: spread_check
DEBUG:root:Result: Check: spread_check -> Success
DEBUG:root:Executing:Action: spread_to_weakest_planet
DEBUG:root:Result: Action: spread_to_weakest_planet -> Failure
DEBUG:root:Result: Sequence: Spread Strategy -> Failure
DEBUG:root:Executing:Sequence: Defensive Strategy
DEBUG:root:Executing:Check: planets_under_threat
DEBUG:root:Result: Check: planets_under_threat -> Failure
DEBUG:root:Result: Sequence: Defensive Strategy -> Failure
DEBUG:root:Executing:Sequence: Offensive Strategy For Natural Planet
DEBUG:root:Executing:Check: is_neutral_planet_under_threat
DEBUG:root:Result: Check: is_neutral_planet_under_threat -> Success
DEBUG:root:Executing:Action: offence_nature_planet_when_under_threat
DEBUG:root:Order:11 5 6.0
DEBUG:root:Result: Action: offence_nature_planet_when_under_threat -> Success
DEBUG:root:Result: Sequence: Offensive Strategy For Natural Planet -> Success
DEBUG:root:Result: Selector: High Level Ordering of Strategies -> Success
DEBUG:root:Finish turn

DEBUG:root:Executing:Selector: High Level Ordering of Strategies
DEBUG:root:Executing:Sequence: Spread Strategy
DEBUG:root:Executing:Check: spread_check
DEBUG:root:Result: Check: spread_check -> Success
DEBUG:root:Executing:Action: spread_to_weakest_planet
DEBUG:root:Result: Action: spread_to_weakest_planet -> Failure
DEBUG:root:Result: Sequence: Spread Strategy -> Failure
DEBUG:root:Executing:Sequence: Defensive Strategy
DEBUG:root:Executing:Check: planets_under_threat
DEBUG:root:Result: Check: planets_under_threat -> Failure
DEBUG:root:Result: Sequence: Defensive Strategy -> Failure
DEBUG:root:Executing:Sequence: Offensive Strategy For Natural Planet
DEBUG:root:Executing:Check: is_neutral_planet_under_threat
DEBUG:root:Result: Check: is_neutral_planet_under_threat -> Success
DEBUG:root:Executing:Action: offence_nature_planet_when_under_threat
DEBUG:root:Result: Action: offence_nature_planet_when_under_threat -> Failure
DEBUG:root:Result: Sequence: Offensive Strategy For Natural Planet -> Failure
DEBUG:root:Executing:Sequence: Fleet Reinforcements Offensive
DEBUG:root:Executing:Check: is_fleet_reinforcement_needed
DEBUG:root:Result: Check: is_fleet_reinforcement_needed -> Success
DEBUG:root:Executing:Action: fleet_reinforcements_offensive_action
DEBUG:root:Result: Action: fleet_reinforcements_offensive_action -> Failure
DEBUG:root:Result: Sequence: Fleet Reinforcements Offensive -> Failure
DEBUG:root:Executing:Sequence: attack newly acquired planets
DEBUG:root:Executing:Check: spread_check
DEBUG:root:Result: Check: spread_check -> Success
DEBUG:root:Executing:Action: attack_weak_defended_planets
DEBUG:root:Result: Action: attack_weak_defended_planets -> Failure
DEBUG:root:Result: Sequence: attack newly acquired planets -> Failure
DEBUG:root:Executing:Sequence: Offensive Strategy
DEBUG:root:Executing:Check: have_largest_fleet
DEBUG:root:Result: Check: have_largest_fleet -> Success
DEBUG:root:Executing:Action: attack_weak_defended_planets
DEBUG:root:Result: Action: attack_weak_defended_planets -> Failure
DEBUG:root:Result: Sequence: Offensive Strategy -> Failure
DEBUG:root:Executing:Action: attack_weak_defended_planets
DEBUG:root:Result: Action: attack_weak_defended_planets -> Failure
DEBUG:root:Result: Selector: High Level Ordering of Strategies -> Failure
DEBUG:root:Finish turn

DEBUG:root:Executing:Selector: High Level Ordering of Strategies
DEBUG:root:Executing:Sequence: Spread Strategy
DEBUG:root:Executing:Check: spread_check
DEBUG:root:Result: Check: spread_check -> Success
DEBUG:root:Executing:Action: spread_to_weakest_planet
DEBUG:root:Result: Action: spread_to_weakest_planet -> Failure
DEBUG:root:Result: Sequence: Spread Strategy -> Failure
DEBUG:root:Executing:Sequence: Defensive Strategy
DEBUG:root:Executing:Check: planets_under_threat
DEBUG:root:Result: Check: planets_under_threat -> Failure
DEBUG:root:Result: Sequence: Defensive Strategy -> Failure
DEBUG:root:Executing:Sequence: Offensive Strategy For Natural Planet
DEBUG:root:Executing:Check: is_neutral_planet_under_threat
DEBUG:root:Result: Check: is_neutral_planet_under_threat -> Failure
DEBUG:root:Result: Sequence: Offensive Strategy For Natural Planet -> Failure
DEBUG:root:Executing:Sequence: Fleet Reinforcements Offensive
DEBUG:root:Executing:Check: is_fleet_reinforcement_needed
DEBUG:root:Result: Check: is_fleet_reinforcement_needed -> Success
DEBUG:root:Executing:Action: fleet_reinforcements_offensive_action
DEBUG:root:Order:18 5 19.0
DEBUG:root:Result: Action: fleet_reinforcements_offensive_action -> Success
DEBUG:root:Result: Sequence: Fleet Reinforcements Offensive -> Success
DEBUG:root:Result: Selector: High Level Ordering of Strategies -> Success
DEBUG:root:Finish turn

DEBUG:root:Executing:Selector: High Level Ordering of Strategies
DEBUG:root:Executing:Sequence: Spread Strategy
DEBUG:root:Executing:Check: spread_check
DEBUG:root:Result: Check: spread_check -> Success
DEBUG:root:Executing:Action: spread_to_weakest_planet
DEBUG:root:Result: Action: spread_to_weakest_planet -> Failure
DEBUG:root:Result: Sequence: Spread Strategy -> Failure
DEBUG:root:Executing:Sequence: Defensive Strategy
DEBUG:root:Executing:Check: planets_under_threat
DEBUG:root:Result: Check: planets_under_threat -> Failure
DEBUG:root:Result: Sequence: Defensive Strategy -> Failure
DEBUG:root:Executing:Sequence: Offensive Strategy For Natural Planet
DEBUG:root:Executing:Check: is_neutral_planet_under_threat
DEBUG:root:Result: Check: is_neutral_planet_under_threat -> Failure
DEBUG:root:Result: Sequence: Offensive Strategy For Natural Planet -> Failure
DEBUG:root:Executing:Sequence: Fleet Reinforcements Offensive
DEBUG:root:Executing:Check: is_fleet_reinforcement_needed
DEBUG:root:Result: Check: is_fleet_reinforcement_needed -> Success
DEBUG:root:Executing:Action: fleet_reinforcements_offensive_action
DEBUG:root:Result: Action: fleet_reinforcements_offensive_action -> Failure
DEBUG:root:Result: Sequence: Fleet Reinforcements Offensive -> Failure
DEBUG:root:Executing:Sequence: attack newly acquired planets
DEBUG:root:Executing:Check: spread_check
DEBUG:root:Result: Check: spread_check -> Success
DEBUG:root:Executing:Action: attack_weak_defended_planets
DEBUG:root:Result: Action: attack_weak_defended_planets -> Failure
DEBUG:root:Result: Sequence: attack newly acquired planets -> Failure
DEBUG:root:Executing:Sequence: Offensive Strategy
DEBUG:root:Executing:Check: have_largest_fleet
DEBUG:root:Result: Check: have_largest_fleet -> Success
DEBUG:root:Executing:Action: attack_weak_defended_planets
DEBUG:root:Result: Action: attack_weak_defended_planets -> Failure
DEBUG:root:Result: Sequence: Offensive Strategy -> Failure
DEBUG:root:Executing:Action: attack_weak_defended_planets
DEBUG:root:Result: Action: attack_weak_defended_planets -> Failure
DEBUG:root:Result: Selector: High Level Ordering of Strategies -> Failure
DEBUG:root:Finish turn

DEBUG:root:Executing:Selector: High Level Ordering of Strategies
DEBUG:root:Executing:Sequence: Spread Strategy
DEBUG:root:Executing:Check: spread_check
DEBUG:root:Result: Check: spread_check -> Success
DEBUG:root:Executing:Action: spread_to_weakest_planet
DEBUG:root:Result: Action: spread_to_weakest_planet -> Failure
DEBUG:root:Result: Sequence: Spread Strategy -> Failure
DEBUG:root:Executing:Sequence: Defensive Strategy
DEBUG:root:Executing:Check: planets_under_threat
DEBUG:root:Result: Check: planets_under_threat -> Failure
DEBUG:root:Result: Sequence: Defensive Strategy -> Failure
DEBUG:root:Executing:Sequence: Offensive Strategy For Natural Planet
DEBUG:root:Executing:Check: is_neutral_planet_under_threat
DEBUG:root:Result: Check: is_neutral_planet_under_threat -> Failure
DEBUG:root:Result: Sequence: Offensive Strategy For Natural Planet -> Failure
DEBUG:root:Executing:Sequence: Fleet Reinforcements Offensive
DEBUG:root:Executing:Check: is_fleet_reinforcement_needed
DEBUG:root:Result: Check: is_fleet_reinforcement_needed -> Success
DEBUG:root:Executing:Action: fleet_reinforcements_offensive_action
DEBUG:root:Result: Action: fleet_reinforcements_offensive_action -> Failure
DEBUG:root:Result: Sequence: Fleet Reinforcements Offensive -> Failure
DEBUG:root:Executing:Sequence: attack newly acquired planets
DEBUG:root:Executing:Check: spread_check
DEBUG:root:Result: Check: spread_check -> Success
DEBUG:root:Executing:Action: attack_weak_defended_planets
DEBUG:root:Result: Action: attack_weak_defended_planets -> Failure
DEBUG:root:Result: Sequence: attack newly acquired planets -> Failure
DEBUG:root:Executing:Sequence: Offensive Strategy
DEBUG:root:Executing:Check: have_largest_fleet
DEBUG:root:Result: Check: have_largest_fleet -> Success
DEBUG:root:Executing:Action: attack_weak_defended_planets
DEBUG:root:Result: Action: attack_weak_defended_planets -> Failure
DEBUG:root:Result: Sequence: Offensive Strategy -> Failure
DEBUG:root:Executing:Action: attack_weak_defended_planets
DEBUG:root:Result: Action: attack_weak_defended_planets -> Failure
DEBUG:root:Result: Selector: High Level Ordering of Strategies -> Failure
DEBUG:root:Finish turn

DEBUG:root:Executing:Selector: High Level Ordering of Strategies
DEBUG:root:Executing:Sequence: Spread Strategy
DEBUG:root:Executing:Check: spread_check
DEBUG:root:Result: Check: spread_check -> Success
DEBUG:root:Executing:Action: spread_to_weakest_planet
DEBUG:root:Result: Action: spread_to_weakest_planet -> Failure
DEBUG:root:Result: Sequence: Spread Strategy -> Failure
DEBUG:root:Executing:Sequence: Defensive Strategy
DEBUG:root:Executing:Check: planets_under_threat
DEBUG:root:Result: Check: planets_under_threat -> Failure
DEBUG:root:Result: Sequence: Defensive Strategy -> Failure
DEBUG:root:Executing:Sequence: Offensive Strategy For Natural Planet
DEBUG:root:Executing:Check: is_neutral_planet_under_threat
DEBUG:root:Result: Check: is_neutral_planet_under_threat -> Failure
DEBUG:root:Result: Sequence: Offensive Strategy For Natural Planet -> Failure
DEBUG:root:Executing:Sequence: Fleet Reinforcements Offensive
DEBUG:root:Executing:Check: is_fleet_reinforcement_needed
DEBUG:root:Result: Check: is_fleet_reinforcement_needed -> Success
DEBUG:root:Executing:Action: fleet_reinforcements_offensive_action
DEBUG:root:Order:12 17 32.0
DEBUG:root:Result: Action: fleet_reinforcements_offensive_action -> Success
DEBUG:root:Result: Sequence: Fleet Reinforcements Offensive -> Success
DEBUG:root:Result: Selector: High Level Ordering of Strategies -> Success
DEBUG:root:Finish turn

DEBUG:root:Executing:Selector: High Level Ordering of Strategies
DEBUG:root:Executing:Sequence: Spread Strategy
DEBUG:root:Executing:Check: spread_check
DEBUG:root:Result: Check: spread_check -> Success
DEBUG:root:Executing:Action: spread_to_weakest_planet
DEBUG:root:Result: Action: spread_to_weakest_planet -> Failure
DEBUG:root:Result: Sequence: Spread Strategy -> Failure
DEBUG:root:Executing:Sequence: Defensive Strategy
DEBUG:root:Executing:Check: planets_under_threat
DEBUG:root:Result: Check: planets_under_threat -> Failure
DEBUG:root:Result: Sequence: Defensive Strategy -> Failure
DEBUG:root:Executing:Sequence: Offensive Strategy For Natural Planet
DEBUG:root:Executing:Check: is_neutral_planet_under_threat
DEBUG:root:Result: Check: is_neutral_planet_under_threat -> Failure
DEBUG:root:Result: Sequence: Offensive Strategy For Natural Planet -> Failure
DEBUG:root:Executing:Sequence: Fleet Reinforcements Offensive
DEBUG:root:Executing:Check: is_fleet_reinforcement_needed
DEBUG:root:Result: Check: is_fleet_reinforcement_needed -> Failure
DEBUG:root:Result: Sequence: Fleet Reinforcements Offensive -> Failure
DEBUG:root:Executing:Sequence: attack newly acquired planets
DEBUG:root:Executing:Check: spread_check
DEBUG:root:Result: Check: spread_check -> Success
DEBUG:root:Executing:Action: attack_weak_defended_planets
DEBUG:root:Result: Action: attack_weak_defended_planets -> Failure
DEBUG:root:Result: Sequence: attack newly acquired planets -> Failure
DEBUG:root:Executing:Sequence: Offensive Strategy
DEBUG:root:Executing:Check: have_largest_fleet
DEBUG:root:Result: Check: have_largest_fleet -> Success
DEBUG:root:Executing:Action: attack_weak_defended_planets
DEBUG:root:Result: Action: attack_weak_defended_planets -> Failure
DEBUG:root:Result: Sequence: Offensive Strategy -> Failure
DEBUG:root:Executing:Action: attack_weak_defended_planets
DEBUG:root:Result: Action: attack_weak_defended_planets -> Failure
DEBUG:root:Result: Selector: High Level Ordering of Strategies -> Failure
DEBUG:root:Finish turn

DEBUG:root:Executing:Selector: High Level Ordering of Strategies
DEBUG:root:Executing:Sequence: Spread Strategy
DEBUG:root:Executing:Check: spread_check
DEBUG:root:Result: Check: spread_check -> Success
DEBUG:root:Executing:Action: spread_to_weakest_planet
DEBUG:root:Result: Action: spread_to_weakest_planet -> Failure
DEBUG:root:Result: Sequence: Spread Strategy -> Failure
DEBUG:root:Executing:Sequence: Defensive Strategy
DEBUG:root:Executing:Check: planets_under_threat
DEBUG:root:Result: Check: planets_under_threat -> Failure
DEBUG:root:Result: Sequence: Defensive Strategy -> Failure
DEBUG:root:Executing:Sequence: Offensive Strategy For Natural Planet
DEBUG:root:Executing:Check: is_neutral_planet_under_threat
DEBUG:root:Result: Check: is_neutral_planet_under_threat -> Failure
DEBUG:root:Result: Sequence: Offensive Strategy For Natural Planet -> Failure
DEBUG:root:Executing:Sequence: Fleet Reinforcements Offensive
DEBUG:root:Executing:Check: is_fleet_reinforcement_needed
DEBUG:root:Result: Check: is_fleet_reinforcement_needed -> Failure
DEBUG:root:Result: Sequence: Fleet Reinforcements Offensive -> Failure
DEBUG:root:Executing:Sequence: attack newly acquired planets
DEBUG:root:Executing:Check: spread_check
DEBUG:root:Result: Check: spread_check -> Success
DEBUG:root:Executing:Action: attack_weak_defended_planets
DEBUG:root:Result: Action: attack_weak_defended_planets -> Failure
DEBUG:root:Result: Sequence: attack newly acquired planets -> Failure
DEBUG:root:Executing:Sequence: Offensive Strategy
DEBUG:root:Executing:Check: have_largest_fleet
DEBUG:root:Result: Check: have_largest_fleet -> Success
DEBUG:root:Executing:Action: attack_weak_defended_planets
DEBUG:root:Result: Action: attack_weak_defended_planets -> Failure
DEBUG:root:Result: Sequence: Offensive Strategy -> Failure
DEBUG:root:Executing:Action: attack_weak_defended_planets
DEBUG:root:Result: Action: attack_weak_defended_planets -> Failure
DEBUG:root:Result: Selector: High Level Ordering of Strategies -> Failure
DEBUG:root:Finish turn

DEBUG:root:Executing:Selector: High Level Ordering of Strategies
DEBUG:root:Executing:Sequence: Spread Strategy
DEBUG:root:Executing:Check: spread_check
DEBUG:root:Result: Check: spread_check -> Success
DEBUG:root:Executing:Action: spread_to_weakest_planet
DEBUG:root:Result: Action: spread_to_weakest_planet -> Failure
DEBUG:root:Result: Sequence: Spread Strategy -> Failure
DEBUG:root:Executing:Sequence: Defensive Strategy
DEBUG:root:Executing:Check: planets_under_threat
DEBUG:root:Result: Check: planets_under_threat -> Failure
DEBUG:root:Result: Sequence: Defensive Strategy -> Failure
DEBUG:root:Executing:Sequence: Offensive Strategy For Natural Planet
DEBUG:root:Executing:Check: is_neutral_planet_under_threat
DEBUG:root:Result: Check: is_neutral_planet_under_threat -> Failure
DEBUG:root:Result: Sequence: Offensive Strategy For Natural Planet -> Failure
DEBUG:root:Executing:Sequence: Fleet Reinforcements Offensive
DEBUG:root:Executing:Check: is_fleet_reinforcement_needed
DEBUG:root:Result: Check: is_fleet_reinforcement_needed -> Failure
DEBUG:root:Result: Sequence: Fleet Reinforcements Offensive -> Failure
DEBUG:root:Executing:Sequence: attack newly acquired planets
DEBUG:root:Executing:Check: spread_check
DEBUG:root:Result: Check: spread_check -> Success
DEBUG:root:Executing:Action: attack_weak_defended_planets
DEBUG:root:Result: Action: attack_weak_defended_planets -> Failure
DEBUG:root:Result: Sequence: attack newly acquired planets -> Failure
DEBUG:root:Executing:Sequence: Offensive Strategy
DEBUG:root:Executing:Check: have_largest_fleet
DEBUG:root:Result: Check: have_largest_fleet -> Success
DEBUG:root:Executing:Action: attack_weak_defended_planets
DEBUG:root:Result: Action: attack_weak_defended_planets -> Failure
DEBUG:root:Result: Sequence: Offensive Strategy -> Failure
DEBUG:root:Executing:Action: attack_weak_defended_planets
DEBUG:root:Result: Action: attack_weak_defended_planets -> Failure
DEBUG:root:Result: Selector: High Level Ordering of Strategies -> Failure
DEBUG:root:Finish turn

DEBUG:root:Executing:Selector: High Level Ordering of Strategies
DEBUG:root:Executing:Sequence: Spread Strategy
DEBUG:root:Executing:Check: spread_check
DEBUG:root:Result: Check: spread_check -> Success
DEBUG:root:Executing:Action: spread_to_weakest_planet
DEBUG:root:Result: Action: spread_to_weakest_planet -> Failure
DEBUG:root:Result: Sequence: Spread Strategy -> Failure
DEBUG:root:Executing:Sequence: Defensive Strategy
DEBUG:root:Executing:Check: planets_under_threat
DEBUG:root:Result: Check: planets_under_threat -> Failure
DEBUG:root:Result: Sequence: Defensive Strategy -> Failure
DEBUG:root:Executing:Sequence: Offensive Strategy For Natural Planet
DEBUG:root:Executing:Check: is_neutral_planet_under_threat
DEBUG:root:Result: Check: is_neutral_planet_under_threat -> Failure
DEBUG:root:Result: Sequence: Offensive Strategy For Natural Planet -> Failure
DEBUG:root:Executing:Sequence: Fleet Reinforcements Offensive
DEBUG:root:Executing:Check: is_fleet_reinforcement_needed
DEBUG:root:Result: Check: is_fleet_reinforcement_needed -> Failure
DEBUG:root:Result: Sequence: Fleet Reinforcements Offensive -> Failure
DEBUG:root:Executing:Sequence: attack newly acquired planets
DEBUG:root:Executing:Check: spread_check
DEBUG:root:Result: Check: spread_check -> Success
DEBUG:root:Executing:Action: attack_weak_defended_planets
DEBUG:root:Order:1 9 37.0
DEBUG:root:Result: Action: attack_weak_defended_planets -> Success
DEBUG:root:Result: Sequence: attack newly acquired planets -> Success
DEBUG:root:Result: Selector: High Level Ordering of Strategies -> Success
DEBUG:root:Finish turn

DEBUG:root:Executing:Selector: High Level Ordering of Strategies
DEBUG:root:Executing:Sequence: Spread Strategy
DEBUG:root:Executing:Check: spread_check
DEBUG:root:Result: Check: spread_check -> Success
DEBUG:root:Executing:Action: spread_to_weakest_planet
DEBUG:root:Result: Action: spread_to_weakest_planet -> Failure
DEBUG:root:Result: Sequence: Spread Strategy -> Failure
DEBUG:root:Executing:Sequence: Defensive Strategy
DEBUG:root:Executing:Check: planets_under_threat
DEBUG:root:Result: Check: planets_under_threat -> Failure
DEBUG:root:Result: Sequence: Defensive Strategy -> Failure
DEBUG:root:Executing:Sequence: Offensive Strategy For Natural Planet
DEBUG:root:Executing:Check: is_neutral_planet_under_threat
DEBUG:root:Result: Check: is_neutral_planet_under_threat -> Failure
DEBUG:root:Result: Sequence: Offensive Strategy For Natural Planet -> Failure
DEBUG:root:Executing:Sequence: Fleet Reinforcements Offensive
DEBUG:root:Executing:Check: is_fleet_reinforcement_needed
DEBUG:root:Result: Check: is_fleet_reinforcement_needed -> Failure
DEBUG:root:Result: Sequence: Fleet Reinforcements Offensive -> Failure
DEBUG:root:Executing:Sequence: attack newly acquired planets
DEBUG:root:Executing:Check: spread_check
DEBUG:root:Result: Check: spread_check -> Success
DEBUG:root:Executing:Action: attack_weak_defended_planets
DEBUG:root:Result: Action: attack_weak_defended_planets -> Failure
DEBUG:root:Result: Sequence: attack newly acquired planets -> Failure
DEBUG:root:Executing:Sequence: Offensive Strategy
DEBUG:root:Executing:Check: have_largest_fleet
DEBUG:root:Result: Check: have_largest_fleet -> Success
DEBUG:root:Executing:Action: attack_weak_defended_planets
DEBUG:root:Result: Action: attack_weak_defended_planets -> Failure
DEBUG:root:Result: Sequence: Offensive Strategy -> Failure
DEBUG:root:Executing:Action: attack_weak_defended_planets
DEBUG:root:Result: Action: attack_weak_defended_planets -> Failure
DEBUG:root:Result: Selector: High Level Ordering of Strategies -> Failure
DEBUG:root:Finish turn

DEBUG:root:Executing:Selector: High Level Ordering of Strategies
DEBUG:root:Executing:Sequence: Spread Strategy
DEBUG:root:Executing:Check: spread_check
DEBUG:root:Result: Check: spread_check -> Success
DEBUG:root:Executing:Action: spread_to_weakest_planet
DEBUG:root:Result: Action: spread_to_weakest_planet -> Failure
DEBUG:root:Result: Sequence: Spread Strategy -> Failure
DEBUG:root:Executing:Sequence: Defensive Strategy
DEBUG:root:Executing:Check: planets_under_threat
DEBUG:root:Result: Check: planets_under_threat -> Failure
DEBUG:root:Result: Sequence: Defensive Strategy -> Failure
DEBUG:root:Executing:Sequence: Offensive Strategy For Natural Planet
DEBUG:root:Executing:Check: is_neutral_planet_under_threat
DEBUG:root:Result: Check: is_neutral_planet_under_threat -> Failure
DEBUG:root:Result: Sequence: Offensive Strategy For Natural Planet -> Failure
DEBUG:root:Executing:Sequence: Fleet Reinforcements Offensive
DEBUG:root:Executing:Check: is_fleet_reinforcement_needed
DEBUG:root:Result: Check: is_fleet_reinforcement_needed -> Failure
DEBUG:root:Result: Sequence: Fleet Reinforcements Offensive -> Failure
DEBUG:root:Executing:Sequence: attack newly acquired planets
DEBUG:root:Executing:Check: spread_check
DEBUG:root:Result: Check: spread_check -> Success
DEBUG:root:Executing:Action: attack_weak_defended_planets
DEBUG:root:Order:11 17 47.0
DEBUG:root:Result: Action: attack_weak_defended_planets -> Success
DEBUG:root:Result: Sequence: attack newly acquired planets -> Success
DEBUG:root:Result: Selector: High Level Ordering of Strategies -> Success
DEBUG:root:Finish turn

DEBUG:root:Executing:Selector: High Level Ordering of Strategies
DEBUG:root:Executing:Sequence: Spread Strategy
DEBUG:root:Executing:Check: spread_check
DEBUG:root:Result: Check: spread_check -> Success
DEBUG:root:Executing:Action: spread_to_weakest_planet
DEBUG:root:Result: Action: spread_to_weakest_planet -> Failure
DEBUG:root:Result: Sequence: Spread Strategy -> Failure
DEBUG:root:Executing:Sequence: Defensive Strategy
DEBUG:root:Executing:Check: planets_under_threat
DEBUG:root:Result: Check: planets_under_threat -> Failure
DEBUG:root:Result: Sequence: Defensive Strategy -> Failure
DEBUG:root:Executing:Sequence: Offensive Strategy For Natural Planet
DEBUG:root:Executing:Check: is_neutral_planet_under_threat
DEBUG:root:Result: Check: is_neutral_planet_under_threat -> Failure
DEBUG:root:Result: Sequence: Offensive Strategy For Natural Planet -> Failure
DEBUG:root:Executing:Sequence: Fleet Reinforcements Offensive
DEBUG:root:Executing:Check: is_fleet_reinforcement_needed
DEBUG:root:Result: Check: is_fleet_reinforcement_needed -> Failure
DEBUG:root:Result: Sequence: Fleet Reinforcements Offensive -> Failure
DEBUG:root:Executing:Sequence: attack newly acquired planets
DEBUG:root:Executing:Check: spread_check
DEBUG:root:Result: Check: spread_check -> Success
DEBUG:root:Executing:Action: attack_weak_defended_planets
DEBUG:root:Result: Action: attack_weak_defended_planets -> Failure
DEBUG:root:Result: Sequence: attack newly acquired planets -> Failure
DEBUG:root:Executing:Sequence: Offensive Strategy
DEBUG:root:Executing:Check: have_largest_fleet
DEBUG:root:Result: Check: have_largest_fleet -> Success
DEBUG:root:Executing:Action: attack_weak_defended_planets
DEBUG:root:Result: Action: attack_weak_defended_planets -> Failure
DEBUG:root:Result: Sequence: Offensive Strategy -> Failure
DEBUG:root:Executing:Action: attack_weak_defended_planets
DEBUG:root:Result: Action: attack_weak_defended_planets -> Failure
DEBUG:root:Result: Selector: High Level Ordering of Strategies -> Failure
DEBUG:root:Finish turn

DEBUG:root:Executing:Selector: High Level Ordering of Strategies
DEBUG:root:Executing:Sequence: Spread Strategy
DEBUG:root:Executing:Check: spread_check
DEBUG:root:Result: Check: spread_check -> Success
DEBUG:root:Executing:Action: spread_to_weakest_planet
DEBUG:root:Result: Action: spread_to_weakest_planet -> Failure
DEBUG:root:Result: Sequence: Spread Strategy -> Failure
DEBUG:root:Executing:Sequence: Defensive Strategy
DEBUG:root:Executing:Check: planets_under_threat
DEBUG:root:Result: Check: planets_under_threat -> Failure
DEBUG:root:Result: Sequence: Defensive Strategy -> Failure
DEBUG:root:Executing:Sequence: Offensive Strategy For Natural Planet
DEBUG:root:Executing:Check: is_neutral_planet_under_threat
DEBUG:root:Result: Check: is_neutral_planet_under_threat -> Success
DEBUG:root:Executing:Action: offence_nature_planet_when_under_threat
DEBUG:root:Order:11 0 6.0
DEBUG:root:Result: Action: offence_nature_planet_when_under_threat -> Success
DEBUG:root:Result: Sequence: Offensive Strategy For Natural Planet -> Success
DEBUG:root:Result: Selector: High Level Ordering of Strategies -> Success
DEBUG:root:Finish turn

DEBUG:root:Executing:Selector: High Level Ordering of Strategies
DEBUG:root:Executing:Sequence: Spread Strategy
DEBUG:root:Executing:Check: spread_check
DEBUG:root:Result: Check: spread_check -> Success
DEBUG:root:Executing:Action: spread_to_weakest_planet
DEBUG:root:Result: Action: spread_to_weakest_planet -> Failure
DEBUG:root:Result: Sequence: Spread Strategy -> Failure
DEBUG:root:Executing:Sequence: Defensive Strategy
DEBUG:root:Executing:Check: planets_under_threat
DEBUG:root:Result: Check: planets_under_threat -> Failure
DEBUG:root:Result: Sequence: Defensive Strategy -> Failure
DEBUG:root:Executing:Sequence: Offensive Strategy For Natural Planet
DEBUG:root:Executing:Check: is_neutral_planet_under_threat
DEBUG:root:Result: Check: is_neutral_planet_under_threat -> Success
DEBUG:root:Executing:Action: offence_nature_planet_when_under_threat
DEBUG:root:Result: Action: offence_nature_planet_when_under_threat -> Failure
DEBUG:root:Result: Sequence: Offensive Strategy For Natural Planet -> Failure
DEBUG:root:Executing:Sequence: Fleet Reinforcements Offensive
DEBUG:root:Executing:Check: is_fleet_reinforcement_needed
DEBUG:root:Result: Check: is_fleet_reinforcement_needed -> Failure
DEBUG:root:Result: Sequence: Fleet Reinforcements Offensive -> Failure
DEBUG:root:Executing:Sequence: attack newly acquired planets
DEBUG:root:Executing:Check: spread_check
DEBUG:root:Result: Check: spread_check -> Success
DEBUG:root:Executing:Action: attack_weak_defended_planets
DEBUG:root:Result: Action: attack_weak_defended_planets -> Failure
DEBUG:root:Result: Sequence: attack newly acquired planets -> Failure
DEBUG:root:Executing:Sequence: Offensive Strategy
DEBUG:root:Executing:Check: have_largest_fleet
DEBUG:root:Result: Check: have_largest_fleet -> Success
DEBUG:root:Executing:Action: attack_weak_defended_planets
DEBUG:root:Result: Action: attack_weak_defended_planets -> Failure
DEBUG:root:Result: Sequence: Offensive Strategy -> Failure
DEBUG:root:Executing:Action: attack_weak_defended_planets
DEBUG:root:Result: Action: attack_weak_defended_planets -> Failure
DEBUG:root:Result: Selector: High Level Ordering of Strategies -> Failure
DEBUG:root:Finish turn

DEBUG:root:Executing:Selector: High Level Ordering of Strategies
DEBUG:root:Executing:Sequence: Spread Strategy
DEBUG:root:Executing:Check: spread_check
DEBUG:root:Result: Check: spread_check -> Success
DEBUG:root:Executing:Action: spread_to_weakest_planet
DEBUG:root:Result: Action: spread_to_weakest_planet -> Failure
DEBUG:root:Result: Sequence: Spread Strategy -> Failure
DEBUG:root:Executing:Sequence: Defensive Strategy
DEBUG:root:Executing:Check: planets_under_threat
DEBUG:root:Result: Check: planets_under_threat -> Failure
DEBUG:root:Result: Sequence: Defensive Strategy -> Failure
DEBUG:root:Executing:Sequence: Offensive Strategy For Natural Planet
DEBUG:root:Executing:Check: is_neutral_planet_under_threat
DEBUG:root:Result: Check: is_neutral_planet_under_threat -> Failure
DEBUG:root:Result: Sequence: Offensive Strategy For Natural Planet -> Failure
DEBUG:root:Executing:Sequence: Fleet Reinforcements Offensive
DEBUG:root:Executing:Check: is_fleet_reinforcement_needed
DEBUG:root:Result: Check: is_fleet_reinforcement_needed -> Success
DEBUG:root:Executing:Action: fleet_reinforcements_offensive_action
DEBUG:root:Order:12 0 16.0
DEBUG:root:Result: Action: fleet_reinforcements_offensive_action -> Success
DEBUG:root:Result: Sequence: Fleet Reinforcements Offensive -> Success
DEBUG:root:Result: Selector: High Level Ordering of Strategies -> Success
DEBUG:root:Finish turn

DEBUG:root:Executing:Selector: High Level Ordering of Strategies
DEBUG:root:Executing:Sequence: Spread Strategy
DEBUG:root:Executing:Check: spread_check
DEBUG:root:Result: Check: spread_check -> Success
DEBUG:root:Executing:Action: spread_to_weakest_planet
DEBUG:root:Result: Action: spread_to_weakest_planet -> Failure
DEBUG:root:Result: Sequence: Spread Strategy -> Failure
DEBUG:root:Executing:Sequence: Defensive Strategy
DEBUG:root:Executing:Check: planets_under_threat
DEBUG:root:Result: Check: planets_under_threat -> Failure
DEBUG:root:Result: Sequence: Defensive Strategy -> Failure
DEBUG:root:Executing:Sequence: Offensive Strategy For Natural Planet
DEBUG:root:Executing:Check: is_neutral_planet_under_threat
DEBUG:root:Result: Check: is_neutral_planet_under_threat -> Failure
DEBUG:root:Result: Sequence: Offensive Strategy For Natural Planet -> Failure
DEBUG:root:Executing:Sequence: Fleet Reinforcements Offensive
DEBUG:root:Executing:Check: is_fleet_reinforcement_needed
DEBUG:root:Result: Check: is_fleet_reinforcement_needed -> Failure
DEBUG:root:Result: Sequence: Fleet Reinforcements Offensive -> Failure
DEBUG:root:Executing:Sequence: attack newly acquired planets
DEBUG:root:Executing:Check: spread_check
DEBUG:root:Result: Check: spread_check -> Success
DEBUG:root:Executing:Action: attack_weak_defended_planets
DEBUG:root:Result: Action: attack_weak_defended_planets -> Failure
DEBUG:root:Result: Sequence: attack newly acquired planets -> Failure
DEBUG:root:Executing:Sequence: Offensive Strategy
DEBUG:root:Executing:Check: have_largest_fleet
DEBUG:root:Result: Check: have_largest_fleet -> Success
DEBUG:root:Executing:Action: attack_weak_defended_planets
DEBUG:root:Result: Action: attack_weak_defended_planets -> Failure
DEBUG:root:Result: Sequence: Offensive Strategy -> Failure
DEBUG:root:Executing:Action: attack_weak_defended_planets
DEBUG:root:Result: Action: attack_weak_defended_planets -> Failure
DEBUG:root:Result: Selector: High Level Ordering of Strategies -> Failure
DEBUG:root:Finish turn

DEBUG:root:Executing:Selector: High Level Ordering of Strategies
DEBUG:root:Executing:Sequence: Spread Strategy
DEBUG:root:Executing:Check: spread_check
DEBUG:root:Result: Check: spread_check -> Success
DEBUG:root:Executing:Action: spread_to_weakest_planet
DEBUG:root:Result: Action: spread_to_weakest_planet -> Failure
DEBUG:root:Result: Sequence: Spread Strategy -> Failure
DEBUG:root:Executing:Sequence: Defensive Strategy
DEBUG:root:Executing:Check: planets_under_threat
DEBUG:root:Result: Check: planets_under_threat -> Failure
DEBUG:root:Result: Sequence: Defensive Strategy -> Failure
DEBUG:root:Executing:Sequence: Offensive Strategy For Natural Planet
DEBUG:root:Executing:Check: is_neutral_planet_under_threat
DEBUG:root:Result: Check: is_neutral_planet_under_threat -> Success
DEBUG:root:Executing:Action: offence_nature_planet_when_under_threat
DEBUG:root:Order:1 6 6.0
DEBUG:root:Result: Action: offence_nature_planet_when_under_threat -> Success
DEBUG:root:Result: Sequence: Offensive Strategy For Natural Planet -> Success
DEBUG:root:Result: Selector: High Level Ordering of Strategies -> Success
DEBUG:root:Finish turn

DEBUG:root:Executing:Selector: High Level Ordering of Strategies
DEBUG:root:Executing:Sequence: Spread Strategy
DEBUG:root:Executing:Check: spread_check
DEBUG:root:Result: Check: spread_check -> Success
DEBUG:root:Executing:Action: spread_to_weakest_planet
DEBUG:root:Result: Action: spread_to_weakest_planet -> Failure
DEBUG:root:Result: Sequence: Spread Strategy -> Failure
DEBUG:root:Executing:Sequence: Defensive Strategy
DEBUG:root:Executing:Check: planets_under_threat
DEBUG:root:Result: Check: planets_under_threat -> Failure
DEBUG:root:Result: Sequence: Defensive Strategy -> Failure
DEBUG:root:Executing:Sequence: Offensive Strategy For Natural Planet
DEBUG:root:Executing:Check: is_neutral_planet_under_threat
DEBUG:root:Result: Check: is_neutral_planet_under_threat -> Success
DEBUG:root:Executing:Action: offence_nature_planet_when_under_threat
DEBUG:root:Result: Action: offence_nature_planet_when_under_threat -> Failure
DEBUG:root:Result: Sequence: Offensive Strategy For Natural Planet -> Failure
DEBUG:root:Executing:Sequence: Fleet Reinforcements Offensive
DEBUG:root:Executing:Check: is_fleet_reinforcement_needed
DEBUG:root:Result: Check: is_fleet_reinforcement_needed -> Failure
DEBUG:root:Result: Sequence: Fleet Reinforcements Offensive -> Failure
DEBUG:root:Executing:Sequence: attack newly acquired planets
DEBUG:root:Executing:Check: spread_check
DEBUG:root:Result: Check: spread_check -> Success
DEBUG:root:Executing:Action: attack_weak_defended_planets
DEBUG:root:Result: Action: attack_weak_defended_planets -> Failure
DEBUG:root:Result: Sequence: attack newly acquired planets -> Failure
DEBUG:root:Executing:Sequence: Offensive Strategy
DEBUG:root:Executing:Check: have_largest_fleet
DEBUG:root:Result: Check: have_largest_fleet -> Success
DEBUG:root:Executing:Action: attack_weak_defended_planets
DEBUG:root:Result: Action: attack_weak_defended_planets -> Failure
DEBUG:root:Result: Sequence: Offensive Strategy -> Failure
DEBUG:root:Executing:Action: attack_weak_defended_planets
DEBUG:root:Result: Action: attack_weak_defended_planets -> Failure
DEBUG:root:Result: Selector: High Level Ordering of Strategies -> Failure
DEBUG:root:Finish turn

DEBUG:root:Executing:Selector: High Level Ordering of Strategies
DEBUG:root:Executing:Sequence: Spread Strategy
DEBUG:root:Executing:Check: spread_check
DEBUG:root:Result: Check: spread_check -> Success
DEBUG:root:Executing:Action: spread_to_weakest_planet
DEBUG:root:Result: Action: spread_to_weakest_planet -> Failure
DEBUG:root:Result: Sequence: Spread Strategy -> Failure
DEBUG:root:Executing:Sequence: Defensive Strategy
DEBUG:root:Executing:Check: planets_under_threat
DEBUG:root:Result: Check: planets_under_threat -> Failure
DEBUG:root:Result: Sequence: Defensive Strategy -> Failure
DEBUG:root:Executing:Sequence: Offensive Strategy For Natural Planet
DEBUG:root:Executing:Check: is_neutral_planet_under_threat
DEBUG:root:Result: Check: is_neutral_planet_under_threat -> Failure
DEBUG:root:Result: Sequence: Offensive Strategy For Natural Planet -> Failure
DEBUG:root:Executing:Sequence: Fleet Reinforcements Offensive
DEBUG:root:Executing:Check: is_fleet_reinforcement_needed
DEBUG:root:Result: Check: is_fleet_reinforcement_needed -> Success
DEBUG:root:Executing:Action: fleet_reinforcements_offensive_action
DEBUG:root:Order:1 6 19.0
DEBUG:root:Result: Action: fleet_reinforcements_offensive_action -> Success
DEBUG:root:Result: Sequence: Fleet Reinforcements Offensive -> Success
DEBUG:root:Result: Selector: High Level Ordering of Strategies -> Success
DEBUG:root:Finish turn

DEBUG:root:Executing:Selector: High Level Ordering of Strategies
DEBUG:root:Executing:Sequence: Spread Strategy
DEBUG:root:Executing:Check: spread_check
DEBUG:root:Result: Check: spread_check -> Success
DEBUG:root:Executing:Action: spread_to_weakest_planet
DEBUG:root:Result: Action: spread_to_weakest_planet -> Failure
DEBUG:root:Result: Sequence: Spread Strategy -> Failure
DEBUG:root:Executing:Sequence: Defensive Strategy
DEBUG:root:Executing:Check: planets_under_threat
DEBUG:root:Result: Check: planets_under_threat -> Failure
DEBUG:root:Result: Sequence: Defensive Strategy -> Failure
DEBUG:root:Executing:Sequence: Offensive Strategy For Natural Planet
DEBUG:root:Executing:Check: is_neutral_planet_under_threat
DEBUG:root:Result: Check: is_neutral_planet_under_threat -> Failure
DEBUG:root:Result: Sequence: Offensive Strategy For Natural Planet -> Failure
DEBUG:root:Executing:Sequence: Fleet Reinforcements Offensive
DEBUG:root:Executing:Check: is_fleet_reinforcement_needed
DEBUG:root:Result: Check: is_fleet_reinforcement_needed -> Failure
DEBUG:root:Result: Sequence: Fleet Reinforcements Offensive -> Failure
DEBUG:root:Executing:Sequence: attack newly acquired planets
DEBUG:root:Executing:Check: spread_check
DEBUG:root:Result: Check: spread_check -> Success
DEBUG:root:Executing:Action: attack_weak_defended_planets
DEBUG:root:Result: Action: attack_weak_defended_planets -> Failure
DEBUG:root:Result: Sequence: attack newly acquired planets -> Failure
DEBUG:root:Executing:Sequence: Offensive Strategy
DEBUG:root:Executing:Check: have_largest_fleet
DEBUG:root:Result: Check: have_largest_fleet -> Success
DEBUG:root:Executing:Action: attack_weak_defended_planets
DEBUG:root:Result: Action: attack_weak_defended_planets -> Failure
DEBUG:root:Result: Sequence: Offensive Strategy -> Failure
DEBUG:root:Executing:Action: attack_weak_defended_planets
DEBUG:root:Result: Action: attack_weak_defended_planets -> Failure
DEBUG:root:Result: Selector: High Level Ordering of Strategies -> Failure
DEBUG:root:Finish turn

DEBUG:root:Executing:Selector: High Level Ordering of Strategies
DEBUG:root:Executing:Sequence: Spread Strategy
DEBUG:root:Executing:Check: spread_check
DEBUG:root:Result: Check: spread_check -> Success
DEBUG:root:Executing:Action: spread_to_weakest_planet
DEBUG:root:Result: Action: spread_to_weakest_planet -> Failure
DEBUG:root:Result: Sequence: Spread Strategy -> Failure
DEBUG:root:Executing:Sequence: Defensive Strategy
DEBUG:root:Executing:Check: planets_under_threat
DEBUG:root:Result: Check: planets_under_threat -> Failure
DEBUG:root:Result: Sequence: Defensive Strategy -> Failure
DEBUG:root:Executing:Sequence: Offensive Strategy For Natural Planet
DEBUG:root:Executing:Check: is_neutral_planet_under_threat
DEBUG:root:Result: Check: is_neutral_planet_under_threat -> Failure
DEBUG:root:Result: Sequence: Offensive Strategy For Natural Planet -> Failure
DEBUG:root:Executing:Sequence: Fleet Reinforcements Offensive
DEBUG:root:Executing:Check: is_fleet_reinforcement_needed
DEBUG:root:Result: Check: is_fleet_reinforcement_needed -> Failure
DEBUG:root:Result: Sequence: Fleet Reinforcements Offensive -> Failure
DEBUG:root:Executing:Sequence: attack newly acquired planets
DEBUG:root:Executing:Check: spread_check
DEBUG:root:Result: Check: spread_check -> Success
DEBUG:root:Executing:Action: attack_weak_defended_planets
DEBUG:root:Result: Action: attack_weak_defended_planets -> Failure
DEBUG:root:Result: Sequence: attack newly acquired planets -> Failure
DEBUG:root:Executing:Sequence: Offensive Strategy
DEBUG:root:Executing:Check: have_largest_fleet
DEBUG:root:Result: Check: have_largest_fleet -> Success
DEBUG:root:Executing:Action: attack_weak_defended_planets
DEBUG:root:Result: Action: attack_weak_defended_planets -> Failure
DEBUG:root:Result: Sequence: Offensive Strategy -> Failure
DEBUG:root:Executing:Action: attack_weak_defended_planets
DEBUG:root:Result: Action: attack_weak_defended_planets -> Failure
DEBUG:root:Result: Selector: High Level Ordering of Strategies -> Failure
DEBUG:root:Finish turn

DEBUG:root:Executing:Selector: High Level Ordering of Strategies
DEBUG:root:Executing:Sequence: Spread Strategy
DEBUG:root:Executing:Check: spread_check
DEBUG:root:Result: Check: spread_check -> Success
DEBUG:root:Executing:Action: spread_to_weakest_planet
DEBUG:root:Result: Action: spread_to_weakest_planet -> Failure
DEBUG:root:Result: Sequence: Spread Strategy -> Failure
DEBUG:root:Executing:Sequence: Defensive Strategy
DEBUG:root:Executing:Check: planets_under_threat
DEBUG:root:Result: Check: planets_under_threat -> Failure
DEBUG:root:Result: Sequence: Defensive Strategy -> Failure
DEBUG:root:Executing:Sequence: Offensive Strategy For Natural Planet
DEBUG:root:Executing:Check: is_neutral_planet_under_threat
DEBUG:root:Result: Check: is_neutral_planet_under_threat -> Failure
DEBUG:root:Result: Sequence: Offensive Strategy For Natural Planet -> Failure
DEBUG:root:Executing:Sequence: Fleet Reinforcements Offensive
DEBUG:root:Executing:Check: is_fleet_reinforcement_needed
DEBUG:root:Result: Check: is_fleet_reinforcement_needed -> Failure
DEBUG:root:Result: Sequence: Fleet Reinforcements Offensive -> Failure
DEBUG:root:Executing:Sequence: attack newly acquired planets
DEBUG:root:Executing:Check: spread_check
DEBUG:root:Result: Check: spread_check -> Success
DEBUG:root:Executing:Action: attack_weak_defended_planets
DEBUG:root:Result: Action: attack_weak_defended_planets -> Failure
DEBUG:root:Result: Sequence: attack newly acquired planets -> Failure
DEBUG:root:Executing:Sequence: Offensive Strategy
DEBUG:root:Executing:Check: have_largest_fleet
DEBUG:root:Result: Check: have_largest_fleet -> Success
DEBUG:root:Executing:Action: attack_weak_defended_planets
DEBUG:root:Result: Action: attack_weak_defended_planets -> Failure
DEBUG:root:Result: Sequence: Offensive Strategy -> Failure
DEBUG:root:Executing:Action: attack_weak_defended_planets
DEBUG:root:Result: Action: attack_weak_defended_planets -> Failure
DEBUG:root:Result: Selector: High Level Ordering of Strategies -> Failure
DEBUG:root:Finish turn

DEBUG:root:Executing:Selector: High Level Ordering of Strategies
DEBUG:root:Executing:Sequence: Spread Strategy
DEBUG:root:Executing:Check: spread_check
DEBUG:root:Result: Check: spread_check -> Success
DEBUG:root:Executing:Action: spread_to_weakest_planet
DEBUG:root:Result: Action: spread_to_weakest_planet -> Failure
DEBUG:root:Result: Sequence: Spread Strategy -> Failure
DEBUG:root:Executing:Sequence: Defensive Strategy
DEBUG:root:Executing:Check: planets_under_threat
DEBUG:root:Result: Check: planets_under_threat -> Failure
DEBUG:root:Result: Sequence: Defensive Strategy -> Failure
DEBUG:root:Executing:Sequence: Offensive Strategy For Natural Planet
DEBUG:root:Executing:Check: is_neutral_planet_under_threat
DEBUG:root:Result: Check: is_neutral_planet_under_threat -> Failure
DEBUG:root:Result: Sequence: Offensive Strategy For Natural Planet -> Failure
DEBUG:root:Executing:Sequence: Fleet Reinforcements Offensive
DEBUG:root:Executing:Check: is_fleet_reinforcement_needed
DEBUG:root:Result: Check: is_fleet_reinforcement_needed -> Failure
DEBUG:root:Result: Sequence: Fleet Reinforcements Offensive -> Failure
DEBUG:root:Executing:Sequence: attack newly acquired planets
DEBUG:root:Executing:Check: spread_check
DEBUG:root:Result: Check: spread_check -> Success
DEBUG:root:Executing:Action: attack_weak_defended_planets
DEBUG:root:Result: Action: attack_weak_defended_planets -> Failure
DEBUG:root:Result: Sequence: attack newly acquired planets -> Failure
DEBUG:root:Executing:Sequence: Offensive Strategy
DEBUG:root:Executing:Check: have_largest_fleet
DEBUG:root:Result: Check: have_largest_fleet -> Success
DEBUG:root:Executing:Action: attack_weak_defended_planets
DEBUG:root:Result: Action: attack_weak_defended_planets -> Failure
DEBUG:root:Result: Sequence: Offensive Strategy -> Failure
DEBUG:root:Executing:Action: attack_weak_defended_planets
DEBUG:root:Result: Action: attack_weak_defended_planets -> Failure
DEBUG:root:Result: Selector: High Level Ordering of Strategies -> Failure
DEBUG:root:Finish turn

DEBUG:root:Executing:Selector: High Level Ordering of Strategies
DEBUG:root:Executing:Sequence: Spread Strategy
DEBUG:root:Executing:Check: spread_check
DEBUG:root:Result: Check: spread_check -> Success
DEBUG:root:Executing:Action: spread_to_weakest_planet
DEBUG:root:Result: Action: spread_to_weakest_planet -> Failure
DEBUG:root:Result: Sequence: Spread Strategy -> Failure
DEBUG:root:Executing:Sequence: Defensive Strategy
DEBUG:root:Executing:Check: planets_under_threat
DEBUG:root:Result: Check: planets_under_threat -> Failure
DEBUG:root:Result: Sequence: Defensive Strategy -> Failure
DEBUG:root:Executing:Sequence: Offensive Strategy For Natural Planet
DEBUG:root:Executing:Check: is_neutral_planet_under_threat
DEBUG:root:Result: Check: is_neutral_planet_under_threat -> Failure
DEBUG:root:Result: Sequence: Offensive Strategy For Natural Planet -> Failure
DEBUG:root:Executing:Sequence: Fleet Reinforcements Offensive
DEBUG:root:Executing:Check: is_fleet_reinforcement_needed
DEBUG:root:Result: Check: is_fleet_reinforcement_needed -> Failure
DEBUG:root:Result: Sequence: Fleet Reinforcements Offensive -> Failure
DEBUG:root:Executing:Sequence: attack newly acquired planets
DEBUG:root:Executing:Check: spread_check
DEBUG:root:Result: Check: spread_check -> Success
DEBUG:root:Executing:Action: attack_weak_defended_planets
DEBUG:root:Result: Action: attack_weak_defended_planets -> Failure
DEBUG:root:Result: Sequence: attack newly acquired planets -> Failure
DEBUG:root:Executing:Sequence: Offensive Strategy
DEBUG:root:Executing:Check: have_largest_fleet
DEBUG:root:Result: Check: have_largest_fleet -> Success
DEBUG:root:Executing:Action: attack_weak_defended_planets
DEBUG:root:Result: Action: attack_weak_defended_planets -> Failure
DEBUG:root:Result: Sequence: Offensive Strategy -> Failure
DEBUG:root:Executing:Action: attack_weak_defended_planets
DEBUG:root:Result: Action: attack_weak_defended_planets -> Failure
DEBUG:root:Result: Selector: High Level Ordering of Strategies -> Failure
DEBUG:root:Finish turn

DEBUG:root:Executing:Selector: High Level Ordering of Strategies
DEBUG:root:Executing:Sequence: Spread Strategy
DEBUG:root:Executing:Check: spread_check
DEBUG:root:Result: Check: spread_check -> Success
DEBUG:root:Executing:Action: spread_to_weakest_planet
DEBUG:root:Result: Action: spread_to_weakest_planet -> Failure
DEBUG:root:Result: Sequence: Spread Strategy -> Failure
DEBUG:root:Executing:Sequence: Defensive Strategy
DEBUG:root:Executing:Check: planets_under_threat
DEBUG:root:Result: Check: planets_under_threat -> Failure
DEBUG:root:Result: Sequence: Defensive Strategy -> Failure
DEBUG:root:Executing:Sequence: Offensive Strategy For Natural Planet
DEBUG:root:Executing:Check: is_neutral_planet_under_threat
DEBUG:root:Result: Check: is_neutral_planet_under_threat -> Failure
DEBUG:root:Result: Sequence: Offensive Strategy For Natural Planet -> Failure
DEBUG:root:Executing:Sequence: Fleet Reinforcements Offensive
DEBUG:root:Executing:Check: is_fleet_reinforcement_needed
DEBUG:root:Result: Check: is_fleet_reinforcement_needed -> Failure
DEBUG:root:Result: Sequence: Fleet Reinforcements Offensive -> Failure
DEBUG:root:Executing:Sequence: attack newly acquired planets
DEBUG:root:Executing:Check: spread_check
DEBUG:root:Result: Check: spread_check -> Success
DEBUG:root:Executing:Action: attack_weak_defended_planets
DEBUG:root:Result: Action: attack_weak_defended_planets -> Failure
DEBUG:root:Result: Sequence: attack newly acquired planets -> Failure
DEBUG:root:Executing:Sequence: Offensive Strategy
DEBUG:root:Executing:Check: have_largest_fleet
DEBUG:root:Result: Check: have_largest_fleet -> Success
DEBUG:root:Executing:Action: attack_weak_defended_planets
DEBUG:root:Result: Action: attack_weak_defended_planets -> Failure
DEBUG:root:Result: Sequence: Offensive Strategy -> Failure
DEBUG:root:Executing:Action: attack_weak_defended_planets
DEBUG:root:Result: Action: attack_weak_defended_planets -> Failure
DEBUG:root:Result: Selector: High Level Ordering of Strategies -> Failure
DEBUG:root:Finish turn

DEBUG:root:Executing:Selector: High Level Ordering of Strategies
DEBUG:root:Executing:Sequence: Spread Strategy
DEBUG:root:Executing:Check: spread_check
DEBUG:root:Result: Check: spread_check -> Success
DEBUG:root:Executing:Action: spread_to_weakest_planet
DEBUG:root:Result: Action: spread_to_weakest_planet -> Failure
DEBUG:root:Result: Sequence: Spread Strategy -> Failure
DEBUG:root:Executing:Sequence: Defensive Strategy
DEBUG:root:Executing:Check: planets_under_threat
DEBUG:root:Result: Check: planets_under_threat -> Failure
DEBUG:root:Result: Sequence: Defensive Strategy -> Failure
DEBUG:root:Executing:Sequence: Offensive Strategy For Natural Planet
DEBUG:root:Executing:Check: is_neutral_planet_under_threat
DEBUG:root:Result: Check: is_neutral_planet_under_threat -> Failure
DEBUG:root:Result: Sequence: Offensive Strategy For Natural Planet -> Failure
DEBUG:root:Executing:Sequence: Fleet Reinforcements Offensive
DEBUG:root:Executing:Check: is_fleet_reinforcement_needed
DEBUG:root:Result: Check: is_fleet_reinforcement_needed -> Failure
DEBUG:root:Result: Sequence: Fleet Reinforcements Offensive -> Failure
DEBUG:root:Executing:Sequence: attack newly acquired planets
DEBUG:root:Executing:Check: spread_check
DEBUG:root:Result: Check: spread_check -> Success
DEBUG:root:Executing:Action: attack_weak_defended_planets
DEBUG:root:Result: Action: attack_weak_defended_planets -> Failure
DEBUG:root:Result: Sequence: attack newly acquired planets -> Failure
DEBUG:root:Executing:Sequence: Offensive Strategy
DEBUG:root:Executing:Check: have_largest_fleet
DEBUG:root:Result: Check: have_largest_fleet -> Success
DEBUG:root:Executing:Action: attack_weak_defended_planets
DEBUG:root:Result: Action: attack_weak_defended_planets -> Failure
DEBUG:root:Result: Sequence: Offensive Strategy -> Failure
DEBUG:root:Executing:Action: attack_weak_defended_planets
DEBUG:root:Result: Action: attack_weak_defended_planets -> Failure
DEBUG:root:Result: Selector: High Level Ordering of Strategies -> Failure
DEBUG:root:Finish turn

DEBUG:root:Executing:Selector: High Level Ordering of Strategies
DEBUG:root:Executing:Sequence: Spread Strategy
DEBUG:root:Executing:Check: spread_check
DEBUG:root:Result: Check: spread_check -> Success
DEBUG:root:Executing:Action: spread_to_weakest_planet
DEBUG:root:Result: Action: spread_to_weakest_planet -> Failure
DEBUG:root:Result: Sequence: Spread Strategy -> Failure
DEBUG:root:Executing:Sequence: Defensive Strategy
DEBUG:root:Executing:Check: planets_under_threat
DEBUG:root:Result: Check: planets_under_threat -> Failure
DEBUG:root:Result: Sequence: Defensive Strategy -> Failure
DEBUG:root:Executing:Sequence: Offensive Strategy For Natural Planet
DEBUG:root:Executing:Check: is_neutral_planet_under_threat
DEBUG:root:Result: Check: is_neutral_planet_under_threat -> Failure
DEBUG:root:Result: Sequence: Offensive Strategy For Natural Planet -> Failure
DEBUG:root:Executing:Sequence: Fleet Reinforcements Offensive
DEBUG:root:Executing:Check: is_fleet_reinforcement_needed
DEBUG:root:Result: Check: is_fleet_reinforcement_needed -> Failure
DEBUG:root:Result: Sequence: Fleet Reinforcements Offensive -> Failure
DEBUG:root:Executing:Sequence: attack newly acquired planets
DEBUG:root:Executing:Check: spread_check
DEBUG:root:Result: Check: spread_check -> Success
DEBUG:root:Executing:Action: attack_weak_defended_planets
DEBUG:root:Result: Action: attack_weak_defended_planets -> Failure
DEBUG:root:Result: Sequence: attack newly acquired planets -> Failure
DEBUG:root:Executing:Sequence: Offensive Strategy
DEBUG:root:Executing:Check: have_largest_fleet
DEBUG:root:Result: Check: have_largest_fleet -> Success
DEBUG:root:Executing:Action: attack_weak_defended_planets
DEBUG:root:Result: Action: attack_weak_defended_planets -> Failure
DEBUG:root:Result: Sequence: Offensive Strategy -> Failure
DEBUG:root:Executing:Action: attack_weak_defended_planets
DEBUG:root:Result: Action: attack_weak_defended_planets -> Failure
DEBUG:root:Result: Selector: High Level Ordering of Strategies -> Failure
DEBUG:root:Finish turn

DEBUG:root:Executing:Selector: High Level Ordering of Strategies
DEBUG:root:Executing:Sequence: Spread Strategy
DEBUG:root:Executing:Check: spread_check
DEBUG:root:Result: Check: spread_check -> Success
DEBUG:root:Executing:Action: spread_to_weakest_planet
DEBUG:root:Result: Action: spread_to_weakest_planet -> Failure
DEBUG:root:Result: Sequence: Spread Strategy -> Failure
DEBUG:root:Executing:Sequence: Defensive Strategy
DEBUG:root:Executing:Check: planets_under_threat
DEBUG:root:Result: Check: planets_under_threat -> Failure
DEBUG:root:Result: Sequence: Defensive Strategy -> Failure
DEBUG:root:Executing:Sequence: Offensive Strategy For Natural Planet
DEBUG:root:Executing:Check: is_neutral_planet_under_threat
DEBUG:root:Result: Check: is_neutral_planet_under_threat -> Failure
DEBUG:root:Result: Sequence: Offensive Strategy For Natural Planet -> Failure
DEBUG:root:Executing:Sequence: Fleet Reinforcements Offensive
DEBUG:root:Executing:Check: is_fleet_reinforcement_needed
DEBUG:root:Result: Check: is_fleet_reinforcement_needed -> Failure
DEBUG:root:Result: Sequence: Fleet Reinforcements Offensive -> Failure
DEBUG:root:Executing:Sequence: attack newly acquired planets
DEBUG:root:Executing:Check: spread_check
DEBUG:root:Result: Check: spread_check -> Success
DEBUG:root:Executing:Action: attack_weak_defended_planets
DEBUG:root:Result: Action: attack_weak_defended_planets -> Failure
DEBUG:root:Result: Sequence: attack newly acquired planets -> Failure
DEBUG:root:Executing:Sequence: Offensive Strategy
DEBUG:root:Executing:Check: have_largest_fleet
DEBUG:root:Result: Check: have_largest_fleet -> Success
DEBUG:root:Executing:Action: attack_weak_defended_planets
DEBUG:root:Result: Action: attack_weak_defended_planets -> Failure
DEBUG:root:Result: Sequence: Offensive Strategy -> Failure
DEBUG:root:Executing:Action: attack_weak_defended_planets
DEBUG:root:Result: Action: attack_weak_defended_planets -> Failure
DEBUG:root:Result: Selector: High Level Ordering of Strategies -> Failure
DEBUG:root:Finish turn

DEBUG:root:Executing:Selector: High Level Ordering of Strategies
DEBUG:root:Executing:Sequence: Spread Strategy
DEBUG:root:Executing:Check: spread_check
DEBUG:root:Result: Check: spread_check -> Success
DEBUG:root:Executing:Action: spread_to_weakest_planet
DEBUG:root:Result: Action: spread_to_weakest_planet -> Failure
DEBUG:root:Result: Sequence: Spread Strategy -> Failure
DEBUG:root:Executing:Sequence: Defensive Strategy
DEBUG:root:Executing:Check: planets_under_threat
DEBUG:root:Result: Check: planets_under_threat -> Failure
DEBUG:root:Result: Sequence: Defensive Strategy -> Failure
DEBUG:root:Executing:Sequence: Offensive Strategy For Natural Planet
DEBUG:root:Executing:Check: is_neutral_planet_under_threat
DEBUG:root:Result: Check: is_neutral_planet_under_threat -> Failure
DEBUG:root:Result: Sequence: Offensive Strategy For Natural Planet -> Failure
DEBUG:root:Executing:Sequence: Fleet Reinforcements Offensive
DEBUG:root:Executing:Check: is_fleet_reinforcement_needed
DEBUG:root:Result: Check: is_fleet_reinforcement_needed -> Failure
DEBUG:root:Result: Sequence: Fleet Reinforcements Offensive -> Failure
DEBUG:root:Executing:Sequence: attack newly acquired planets
DEBUG:root:Executing:Check: spread_check
DEBUG:root:Result: Check: spread_check -> Success
DEBUG:root:Executing:Action: attack_weak_defended_planets
DEBUG:root:Result: Action: attack_weak_defended_planets -> Failure
DEBUG:root:Result: Sequence: attack newly acquired planets -> Failure
DEBUG:root:Executing:Sequence: Offensive Strategy
DEBUG:root:Executing:Check: have_largest_fleet
DEBUG:root:Result: Check: have_largest_fleet -> Success
DEBUG:root:Executing:Action: attack_weak_defended_planets
DEBUG:root:Result: Action: attack_weak_defended_planets -> Failure
DEBUG:root:Result: Sequence: Offensive Strategy -> Failure
DEBUG:root:Executing:Action: attack_weak_defended_planets
DEBUG:root:Result: Action: attack_weak_defended_planets -> Failure
DEBUG:root:Result: Selector: High Level Ordering of Strategies -> Failure
DEBUG:root:Finish turn

DEBUG:root:Executing:Selector: High Level Ordering of Strategies
DEBUG:root:Executing:Sequence: Spread Strategy
DEBUG:root:Executing:Check: spread_check
DEBUG:root:Result: Check: spread_check -> Success
DEBUG:root:Executing:Action: spread_to_weakest_planet
DEBUG:root:Result: Action: spread_to_weakest_planet -> Failure
DEBUG:root:Result: Sequence: Spread Strategy -> Failure
DEBUG:root:Executing:Sequence: Defensive Strategy
DEBUG:root:Executing:Check: planets_under_threat
DEBUG:root:Result: Check: planets_under_threat -> Failure
DEBUG:root:Result: Sequence: Defensive Strategy -> Failure
DEBUG:root:Executing:Sequence: Offensive Strategy For Natural Planet
DEBUG:root:Executing:Check: is_neutral_planet_under_threat
DEBUG:root:Result: Check: is_neutral_planet_under_threat -> Failure
DEBUG:root:Result: Sequence: Offensive Strategy For Natural Planet -> Failure
DEBUG:root:Executing:Sequence: Fleet Reinforcements Offensive
DEBUG:root:Executing:Check: is_fleet_reinforcement_needed
DEBUG:root:Result: Check: is_fleet_reinforcement_needed -> Failure
DEBUG:root:Result: Sequence: Fleet Reinforcements Offensive -> Failure
DEBUG:root:Executing:Sequence: attack newly acquired planets
DEBUG:root:Executing:Check: spread_check
DEBUG:root:Result: Check: spread_check -> Success
DEBUG:root:Executing:Action: attack_weak_defended_planets
DEBUG:root:Result: Action: attack_weak_defended_planets -> Failure
DEBUG:root:Result: Sequence: attack newly acquired planets -> Failure
DEBUG:root:Executing:Sequence: Offensive Strategy
DEBUG:root:Executing:Check: have_largest_fleet
DEBUG:root:Result: Check: have_largest_fleet -> Success
DEBUG:root:Executing:Action: attack_weak_defended_planets
DEBUG:root:Result: Action: attack_weak_defended_planets -> Failure
DEBUG:root:Result: Sequence: Offensive Strategy -> Failure
DEBUG:root:Executing:Action: attack_weak_defended_planets
DEBUG:root:Result: Action: attack_weak_defended_planets -> Failure
DEBUG:root:Result: Selector: High Level Ordering of Strategies -> Failure
DEBUG:root:Finish turn

DEBUG:root:Executing:Selector: High Level Ordering of Strategies
DEBUG:root:Executing:Sequence: Spread Strategy
DEBUG:root:Executing:Check: spread_check
DEBUG:root:Result: Check: spread_check -> Success
DEBUG:root:Executing:Action: spread_to_weakest_planet
DEBUG:root:Result: Action: spread_to_weakest_planet -> Failure
DEBUG:root:Result: Sequence: Spread Strategy -> Failure
DEBUG:root:Executing:Sequence: Defensive Strategy
DEBUG:root:Executing:Check: planets_under_threat
DEBUG:root:Result: Check: planets_under_threat -> Failure
DEBUG:root:Result: Sequence: Defensive Strategy -> Failure
DEBUG:root:Executing:Sequence: Offensive Strategy For Natural Planet
DEBUG:root:Executing:Check: is_neutral_planet_under_threat
DEBUG:root:Result: Check: is_neutral_planet_under_threat -> Failure
DEBUG:root:Result: Sequence: Offensive Strategy For Natural Planet -> Failure
DEBUG:root:Executing:Sequence: Fleet Reinforcements Offensive
DEBUG:root:Executing:Check: is_fleet_reinforcement_needed
DEBUG:root:Result: Check: is_fleet_reinforcement_needed -> Failure
DEBUG:root:Result: Sequence: Fleet Reinforcements Offensive -> Failure
DEBUG:root:Executing:Sequence: attack newly acquired planets
DEBUG:root:Executing:Check: spread_check
DEBUG:root:Result: Check: spread_check -> Success
DEBUG:root:Executing:Action: attack_weak_defended_planets
DEBUG:root:Result: Action: attack_weak_defended_planets -> Failure
DEBUG:root:Result: Sequence: attack newly acquired planets -> Failure
DEBUG:root:Executing:Sequence: Offensive Strategy
DEBUG:root:Executing:Check: have_largest_fleet
DEBUG:root:Result: Check: have_largest_fleet -> Success
DEBUG:root:Executing:Action: attack_weak_defended_planets
DEBUG:root:Result: Action: attack_weak_defended_planets -> Failure
DEBUG:root:Result: Sequence: Offensive Strategy -> Failure
DEBUG:root:Executing:Action: attack_weak_defended_planets
DEBUG:root:Result: Action: attack_weak_defended_planets -> Failure
DEBUG:root:Result: Selector: High Level Ordering of Strategies -> Failure
DEBUG:root:Finish turn

DEBUG:root:Executing:Selector: High Level Ordering of Strategies
DEBUG:root:Executing:Sequence: Spread Strategy
DEBUG:root:Executing:Check: spread_check
DEBUG:root:Result: Check: spread_check -> Success
DEBUG:root:Executing:Action: spread_to_weakest_planet
DEBUG:root:Result: Action: spread_to_weakest_planet -> Failure
DEBUG:root:Result: Sequence: Spread Strategy -> Failure
DEBUG:root:Executing:Sequence: Defensive Strategy
DEBUG:root:Executing:Check: planets_under_threat
DEBUG:root:Result: Check: planets_under_threat -> Failure
DEBUG:root:Result: Sequence: Defensive Strategy -> Failure
DEBUG:root:Executing:Sequence: Offensive Strategy For Natural Planet
DEBUG:root:Executing:Check: is_neutral_planet_under_threat
DEBUG:root:Result: Check: is_neutral_planet_under_threat -> Failure
DEBUG:root:Result: Sequence: Offensive Strategy For Natural Planet -> Failure
DEBUG:root:Executing:Sequence: Fleet Reinforcements Offensive
DEBUG:root:Executing:Check: is_fleet_reinforcement_needed
DEBUG:root:Result: Check: is_fleet_reinforcement_needed -> Failure
DEBUG:root:Result: Sequence: Fleet Reinforcements Offensive -> Failure
DEBUG:root:Executing:Sequence: attack newly acquired planets
DEBUG:root:Executing:Check: spread_check
DEBUG:root:Result: Check: spread_check -> Success
DEBUG:root:Executing:Action: attack_weak_defended_planets
DEBUG:root:Result: Action: attack_weak_defended_planets -> Failure
DEBUG:root:Result: Sequence: attack newly acquired planets -> Failure
DEBUG:root:Executing:Sequence: Offensive Strategy
DEBUG:root:Executing:Check: have_largest_fleet
DEBUG:root:Result: Check: have_largest_fleet -> Success
DEBUG:root:Executing:Action: attack_weak_defended_planets
DEBUG:root:Result: Action: attack_weak_defended_planets -> Failure
DEBUG:root:Result: Sequence: Offensive Strategy -> Failure
DEBUG:root:Executing:Action: attack_weak_defended_planets
DEBUG:root:Result: Action: attack_weak_defended_planets -> Failure
DEBUG:root:Result: Selector: High Level Ordering of Strategies -> Failure
DEBUG:root:Finish turn

